{"numTotalTestSuites":2,"numPassedTestSuites":0,"numFailedTestSuites":2,"numPendingTestSuites":0,"numTotalTests":9,"numPassedTests":8,"numFailedTests":1,"numPendingTests":0,"numTodoTests":0,"snapshot":{"added":0,"failure":false,"filesAdded":0,"filesRemoved":0,"filesRemovedList":[],"filesUnmatched":0,"filesUpdated":0,"matched":0,"total":0,"unchecked":0,"uncheckedKeysByFile":[],"unmatched":0,"updated":0,"didUpdate":false},"startTime":1768656923392,"success":false,"testResults":[{"assertionResults":[{"ancestorTitles":["Home Scenarios"],"fullName":"Home Scenarios 0.1 用户菜单：触摸用户名位置展现下拉菜单","status":"passed","title":"0.1 用户菜单：触摸用户名位置展现下拉菜单","duration":68.94490000000042,"failureMessages":[],"meta":{}},{"ancestorTitles":["Home Scenarios"],"fullName":"Home Scenarios 0.1 用户菜单：点击下拉菜单中的用户名跳转到个人中心-我的信息","status":"passed","title":"0.1 用户菜单：点击下拉菜单中的用户名跳转到个人中心-我的信息","duration":90.25410000000011,"failureMessages":[],"meta":{}},{"ancestorTitles":["Home Scenarios"],"fullName":"Home Scenarios 0.1 用户菜单：点击下拉菜单中的常用信息跳转到个人中心-常用旅客信息","status":"passed","title":"0.1 用户菜单：点击下拉菜单中的常用信息跳转到个人中心-常用旅客信息","duration":51.8407000000002,"failureMessages":[],"meta":{}},{"ancestorTitles":["Home Scenarios"],"fullName":"Home Scenarios 0.2 订单入口：点击我的订单跳转到个人订单中心","status":"passed","title":"0.2 订单入口：点击我的订单跳转到个人订单中心","duration":49.84429999999975,"failureMessages":[],"meta":{}},{"ancestorTitles":["Home Scenarios"],"fullName":"Home Scenarios 0.1.3 未登录首页点击“登录”按钮：跳转至登录界面","status":"passed","title":"0.1.3 未登录首页点击“登录”按钮：跳转至登录界面","duration":50.40899999999965,"failureMessages":[],"meta":{}},{"ancestorTitles":["Home Scenarios"],"fullName":"Home Scenarios 0.1.3 未登录首页点击“注册”按钮：跳转至注册界面","status":"passed","title":"0.1.3 未登录首页点击“注册”按钮：跳转至注册界面","duration":49.70069999999987,"failureMessages":[],"meta":{}},{"ancestorTitles":["Home Scenarios"],"fullName":"Home Scenarios 0.1.4 未登录点击“我的订单”：跳转至登录页且默认展示账号密码登录","status":"failed","title":"0.1.4 未登录点击“我的订单”：跳转至登录页且默认展示账号密码登录","duration":52.678699999999935,"failureMessages":["AssertionError: expected '#/user-center/orders' to be '#/login' // Object.is equality\n    at D:\\各种任务\\软件工程与项目管理\\My_Evoflow\\frontend\\test\\pages\\Home.test.jsx:82:34\n    at file:///D:/%E5%90%84%E7%A7%8D%E4%BB%BB%E5%8A%A1/%E8%BD%AF%E4%BB%B6%E5%B7%A5%E7%A8%8B%E4%B8%8E%E9%A1%B9%E7%9B%AE%E7%AE%A1%E7%90%86/My_Evoflow/frontend/node_modules/@vitest/runner/dist/index.js:533:5\n    at runTest (file:///D:/%E5%90%84%E7%A7%8D%E4%BB%BB%E5%8A%A1/%E8%BD%AF%E4%BB%B6%E5%B7%A5%E7%A8%8B%E4%B8%8E%E9%A1%B9%E7%9B%AE%E7%AE%A1%E7%90%86/My_Evoflow/frontend/node_modules/@vitest/runner/dist/index.js:1056:11)\n    at runSuite (file:///D:/%E5%90%84%E7%A7%8D%E4%BB%BB%E5%8A%A1/%E8%BD%AF%E4%BB%B6%E5%B7%A5%E7%A8%8B%E4%B8%8E%E9%A1%B9%E7%9B%AE%E7%AE%A1%E7%90%86/My_Evoflow/frontend/node_modules/@vitest/runner/dist/index.js:1205:15)\n    at runSuite (file:///D:/%E5%90%84%E7%A7%8D%E4%BB%BB%E5%8A%A1/%E8%BD%AF%E4%BB%B6%E5%B7%A5%E7%A8%8B%E4%B8%8E%E9%A1%B9%E7%9B%AE%E7%AE%A1%E7%90%86/My_Evoflow/frontend/node_modules/@vitest/runner/dist/index.js:1205:15)\n    at runFiles (file:///D:/%E5%90%84%E7%A7%8D%E4%BB%BB%E5%8A%A1/%E8%BD%AF%E4%BB%B6%E5%B7%A5%E7%A8%8B%E4%B8%8E%E9%A1%B9%E7%9B%AE%E7%AE%A1%E7%90%86/My_Evoflow/frontend/node_modules/@vitest/runner/dist/index.js:1262:5)\n    at startTests (file:///D:/%E5%90%84%E7%A7%8D%E4%BB%BB%E5%8A%A1/%E8%BD%AF%E4%BB%B6%E5%B7%A5%E7%A8%8B%E4%B8%8E%E9%A1%B9%E7%9B%AE%E7%AE%A1%E7%90%86/My_Evoflow/frontend/node_modules/@vitest/runner/dist/index.js:1271:3)\n    at file:///D:/%E5%90%84%E7%A7%8D%E4%BB%BB%E5%8A%A1/%E8%BD%AF%E4%BB%B6%E5%B7%A5%E7%A8%8B%E4%B8%8E%E9%A1%B9%E7%9B%AE%E7%AE%A1%E7%90%86/My_Evoflow/frontend/node_modules/vitest/dist/chunks/runBaseTests.3qpJUEJM.js:126:11\n    at withEnv (file:///D:/%E5%90%84%E7%A7%8D%E4%BB%BB%E5%8A%A1/%E8%BD%AF%E4%BB%B6%E5%B7%A5%E7%A8%8B%E4%B8%8E%E9%A1%B9%E7%9B%AE%E7%AE%A1%E7%90%86/My_Evoflow/frontend/node_modules/vitest/dist/chunks/runBaseTests.3qpJUEJM.js:90:5)\n    at run (file:///D:/%E5%90%84%E7%A7%8D%E4%BB%BB%E5%8A%A1/%E8%BD%AF%E4%BB%B6%E5%B7%A5%E7%A8%8B%E4%B8%8E%E9%A1%B9%E7%9B%AE%E7%AE%A1%E7%90%86/My_Evoflow/frontend/node_modules/vitest/dist/chunks/runBaseTests.3qpJUEJM.js:112:3)"],"meta":{}},{"ancestorTitles":["Home Scenarios"],"fullName":"Home Scenarios 首页点击“搜索”：跳转结果页且 URL 包含合法 date 参数","status":"passed","title":"首页点击“搜索”：跳转结果页且 URL 包含合法 date 参数","duration":50.98289999999997,"failureMessages":[],"meta":{}},{"ancestorTitles":["Home Scenarios"],"fullName":"Home Scenarios 任意页面点击“首页”按钮：跳转回首页","status":"passed","title":"任意页面点击“首页”按钮：跳转回首页","duration":46.44990000000007,"failureMessages":[],"meta":{}}],"startTime":1768656925948,"endTime":1768656926459.45,"status":"failed","message":"","name":"D:/各种任务/软件工程与项目管理/My_Evoflow/frontend/test/pages/Home.test.jsx"}]}