{"numTotalTestSuites":41,"numPassedTestSuites":29,"numFailedTestSuites":12,"numPendingTestSuites":0,"numTotalTests":127,"numPassedTests":110,"numFailedTests":17,"numPendingTests":0,"numTodoTests":0,"snapshot":{"added":0,"failure":false,"filesAdded":0,"filesRemoved":0,"filesRemovedList":[],"filesUnmatched":0,"filesUpdated":0,"matched":0,"total":0,"unchecked":0,"uncheckedKeysByFile":[],"unmatched":0,"updated":0,"didUpdate":false},"startTime":1768668660236,"success":false,"testResults":[{"assertionResults":[{"ancestorTitles":["BookingLayout Scenarios"],"fullName":"BookingLayout Scenarios 6.1 正常更新阶段状态：进入阶段页应读取 bookingStage 并高亮当前阶段","status":"passed","title":"6.1 正常更新阶段状态：进入阶段页应读取 bookingStage 并高亮当前阶段","duration":51.944000000000415,"failureMessages":[],"meta":{}},{"ancestorTitles":["BookingLayout Scenarios"],"fullName":"BookingLayout Scenarios 6.1 状态异常（阶段信息缺失）：默认回退为第 1 阶段展示","status":"passed","title":"6.1 状态异常（阶段信息缺失）：默认回退为第 1 阶段展示","duration":24.183100000000195,"failureMessages":[],"meta":{}},{"ancestorTitles":["BookingLayout Scenarios"],"fullName":"BookingLayout Scenarios 6.1 系统异常（会话读取失败）：进度条默认显示且不影响页面交互","status":"passed","title":"6.1 系统异常（会话读取失败）：进度条默认显示且不影响页面交互","duration":25.071199999999408,"failureMessages":[],"meta":{}}],"startTime":1768668667681,"endTime":1768668667782.0713,"status":"passed","message":"","name":"D:/各种任务/软件工程与项目管理/My_Evoflow/frontend/test/layouts/BookingLayout.test.jsx"},{"assertionResults":[{"ancestorTitles":["BuyTicketStep1 Scenarios"],"fullName":"BuyTicketStep1 Scenarios 2.1 正常填写并校验通过进入下一步：保存到会话并跳转 booking/services","status":"passed","title":"2.1 正常填写并校验通过进入下一步：保存到会话并跳转 booking/services","duration":652.9241000000002,"failureMessages":[],"meta":{}},{"ancestorTitles":["BuyTicketStep1 Scenarios"],"fullName":"BuyTicketStep1 Scenarios 2.1 输入异常（证件号格式错误）：提示“证件号码格式不正确”并阻止下一步","status":"passed","title":"2.1 输入异常（证件号格式错误）：提示“证件号码格式不正确”并阻止下一步","duration":189.52849999999944,"failureMessages":[],"meta":{}},{"ancestorTitles":["BuyTicketStep1 Scenarios"],"fullName":"BuyTicketStep1 Scenarios 2.1 输入异常（联系人手机号非法）：提示“联系人手机号格式不正确”并阻止下一步","status":"passed","title":"2.1 输入异常（联系人手机号非法）：提示“联系人手机号格式不正确”并阻止下一步","duration":412.6741999999995,"failureMessages":[],"meta":{}},{"ancestorTitles":["BuyTicketStep1 Scenarios"],"fullName":"BuyTicketStep1 Scenarios 2.1 系统异常（会话持久化失败）：提示“网络异常，请稍后重试”且保留已填数据","status":"passed","title":"2.1 系统异常（会话持久化失败）：提示“网络异常，请稍后重试”且保留已填数据","duration":516.5671000000002,"failureMessages":[],"meta":{}}],"startTime":1768668667720,"endTime":1768668669492.5671,"status":"passed","message":"","name":"D:/各种任务/软件工程与项目管理/My_Evoflow/frontend/test/pages/BuyTicketStep1.test.jsx"},{"assertionResults":[{"ancestorTitles":["BuyTicketStep2 Scenarios"],"fullName":"BuyTicketStep2 Scenarios 3.1 正常选择服务进入支付：点击下一步应跳转 booking/payment 并计入价格清单","status":"failed","title":"3.1 正常选择服务进入支付：点击下一步应跳转 booking/payment 并计入价格清单","duration":149.5545000000002,"failureMessages":["AssertionError: expected \"spy\" to be called with arguments: [ StringContaining{…}, …(1) ]\u001b[90m\n\nReceived: \n\n\u001b[39m\u001b[90m\n\nNumber of calls: \u001b[1m0\u001b[22m\n\u001b[39m\n    at Proxy.<anonymous> (file:///D:/%E5%90%84%E7%A7%8D%E4%BB%BB%E5%8A%A1/%E8%BD%AF%E4%BB%B6%E5%B7%A5%E7%A8%8B%E4%B8%8E%E9%A1%B9%E7%9B%AE%E7%AE%A1%E7%90%86/My_Evoflow/frontend/node_modules/@vitest/expect/dist/index.js:1465:13)\n    at Proxy.<anonymous> (file:///D:/%E5%90%84%E7%A7%8D%E4%BB%BB%E5%8A%A1/%E8%BD%AF%E4%BB%B6%E5%B7%A5%E7%A8%8B%E4%B8%8E%E9%A1%B9%E7%9B%AE%E7%AE%A1%E7%90%86/My_Evoflow/frontend/node_modules/@vitest/expect/dist/index.js:972:17)\n    at Proxy.methodWrapper (file:///D:/%E5%90%84%E7%A7%8D%E4%BB%BB%E5%8A%A1/%E8%BD%AF%E4%BB%B6%E5%B7%A5%E7%A8%8B%E4%B8%8E%E9%A1%B9%E7%9B%AE%E7%AE%A1%E7%90%86/My_Evoflow/frontend/node_modules/chai/index.js:1686:25)\n    at D:\\各种任务\\软件工程与项目管理\\My_Evoflow\\frontend\\test\\pages\\BuyTicketStep2.test.jsx:34:23\n    at file:///D:/%E5%90%84%E7%A7%8D%E4%BB%BB%E5%8A%A1/%E8%BD%AF%E4%BB%B6%E5%B7%A5%E7%A8%8B%E4%B8%8E%E9%A1%B9%E7%9B%AE%E7%AE%A1%E7%90%86/My_Evoflow/frontend/node_modules/@vitest/runner/dist/index.js:533:5\n    at runTest (file:///D:/%E5%90%84%E7%A7%8D%E4%BB%BB%E5%8A%A1/%E8%BD%AF%E4%BB%B6%E5%B7%A5%E7%A8%8B%E4%B8%8E%E9%A1%B9%E7%9B%AE%E7%AE%A1%E7%90%86/My_Evoflow/frontend/node_modules/@vitest/runner/dist/index.js:1056:11)\n    at runSuite (file:///D:/%E5%90%84%E7%A7%8D%E4%BB%BB%E5%8A%A1/%E8%BD%AF%E4%BB%B6%E5%B7%A5%E7%A8%8B%E4%B8%8E%E9%A1%B9%E7%9B%AE%E7%AE%A1%E7%90%86/My_Evoflow/frontend/node_modules/@vitest/runner/dist/index.js:1205:15)\n    at runSuite (file:///D:/%E5%90%84%E7%A7%8D%E4%BB%BB%E5%8A%A1/%E8%BD%AF%E4%BB%B6%E5%B7%A5%E7%A8%8B%E4%B8%8E%E9%A1%B9%E7%9B%AE%E7%AE%A1%E7%90%86/My_Evoflow/frontend/node_modules/@vitest/runner/dist/index.js:1205:15)\n    at runFiles (file:///D:/%E5%90%84%E7%A7%8D%E4%BB%BB%E5%8A%A1/%E8%BD%AF%E4%BB%B6%E5%B7%A5%E7%A8%8B%E4%B8%8E%E9%A1%B9%E7%9B%AE%E7%AE%A1%E7%90%86/My_Evoflow/frontend/node_modules/@vitest/runner/dist/index.js:1262:5)\n    at startTests (file:///D:/%E5%90%84%E7%A7%8D%E4%BB%BB%E5%8A%A1/%E8%BD%AF%E4%BB%B6%E5%B7%A5%E7%A8%8B%E4%B8%8E%E9%A1%B9%E7%9B%AE%E7%AE%A1%E7%90%86/My_Evoflow/frontend/node_modules/@vitest/runner/dist/index.js:1271:3)"],"meta":{}},{"ancestorTitles":["BuyTicketStep2 Scenarios"],"fullName":"BuyTicketStep2 Scenarios 3.1 状态异常（服务不可用）：提示“服务暂不可用”并自动取消勾选","status":"failed","title":"3.1 状态异常（服务不可用）：提示“服务暂不可用”并自动取消勾选","duration":26.363800000000083,"failureMessages":["TestingLibraryElementError: Unable to find a label with the text of: 行李额升级\n\nIgnored nodes: comments, script, style\n\u001b[36m<body>\u001b[39m\n  \u001b[36m<div>\u001b[39m\n    \u001b[36m<div\u001b[39m\n      \u001b[33mclass\u001b[39m=\u001b[32m\"_page_62df29\"\u001b[39m\n    \u001b[36m>\u001b[39m\n      \u001b[36m<header\u001b[39m\n        \u001b[33mclass\u001b[39m=\u001b[32m\"_header_62df29\"\u001b[39m\n      \u001b[36m>\u001b[39m\n        \u001b[36m<div\u001b[39m\n          \u001b[33mclass\u001b[39m=\u001b[32m\"_headerInner_62df29\"\u001b[39m\n        \u001b[36m>\u001b[39m\n          \u001b[36m<div\u001b[39m\n            \u001b[33mclass\u001b[39m=\u001b[32m\"_brand_62df29\"\u001b[39m\n          \u001b[36m>\u001b[39m\n            \u001b[36m<svg\u001b[39m\n              \u001b[33maria-label\u001b[39m=\u001b[32m\"占位 Logo\"\u001b[39m\n              \u001b[33mclass\u001b[39m=\u001b[32m\"_svg_73024e\"\u001b[39m\n              \u001b[33mrole\u001b[39m=\u001b[32m\"img\"\u001b[39m\n              \u001b[33mstyle\u001b[39m=\u001b[32m\"width: 22px; height: 22px;\"\u001b[39m\n              \u001b[33mviewBox\u001b[39m=\u001b[32m\"0 0 22 22\"\u001b[39m\n              \u001b[33mxmlns\u001b[39m=\u001b[32m\"http://www.w3.org/2000/svg\"\u001b[39m\n            \u001b[36m>\u001b[39m\n              \u001b[36m<rect\u001b[39m\n                \u001b[33mfill\u001b[39m=\u001b[32m\"#D9D9D9\"\u001b[39m\n                \u001b[33mheight\u001b[39m=\u001b[32m\"100%\"\u001b[39m\n                \u001b[33mwidth\u001b[39m=\u001b[32m\"100%\"\u001b[39m\n                \u001b[33mx\u001b[39m=\u001b[32m\"0\"\u001b[39m\n                \u001b[33my\u001b[39m=\u001b[32m\"0\"\u001b[39m\n              \u001b[36m/>\u001b[39m\n              \u001b[36m<rect\u001b[39m\n                \u001b[33mfill\u001b[39m=\u001b[32m\"none\"\u001b[39m\n                \u001b[33mheight\u001b[39m=\u001b[32m\"calc(100% - 1px)\"\u001b[39m\n                \u001b[33mstroke\u001b[39m=\u001b[32m\"#B8B8B8\"\u001b[39m\n                \u001b[33mwidth\u001b[39m=\u001b[32m\"calc(100% - 1px)\"\u001b[39m\n                \u001b[33mx\u001b[39m=\u001b[32m\"0.5\"\u001b[39m\n                \u001b[33my\u001b[39m=\u001b[32m\"0.5\"\u001b[39m\n              \u001b[36m/>\u001b[39m\n              \u001b[36m<text\u001b[39m\n                \u001b[33mclass\u001b[39m=\u001b[32m\"_text_73024e\"\u001b[39m\n                \u001b[33mdominant-baseline\u001b[39m=\u001b[32m\"middle\"\u001b[39m\n                \u001b[33mtext-anchor\u001b[39m=\u001b[32m\"middle\"\u001b[39m\n                \u001b[33mx\u001b[39m=\u001b[32m\"50%\"\u001b[39m\n                \u001b[33my\u001b[39m=\u001b[32m\"50%\"\u001b[39m\n              \u001b[36m>\u001b[39m\n                \u001b[0m占位 Logo\u001b[0m\n              \u001b[36m</text>\u001b[39m\n            \u001b[36m</svg>\u001b[39m\n            \u001b[36m<div\u001b[39m\n              \u001b[33mclass\u001b[39m=\u001b[32m\"_brandText_62df29\"\u001b[39m\n            \u001b[36m>\u001b[39m\n              \u001b[0m携程旅行\u001b[0m\n            \u001b[36m</div>\u001b[39m\n          \u001b[36m</div>\u001b[39m\n          \u001b[36m<div\u001b[39m\n            \u001b[33mclass\u001b[39m=\u001b[32m\"_steps_62df29\"\u001b[39m\n          \u001b[36m>\u001b[39m\n            \u001b[36m<div\u001b[39m\n              \u001b[33mclass\u001b[39m=\u001b[32m\"_step_62df29  _stepActive_62df29\"\u001b[39m\n            \u001b[36m>\u001b[39m\n              \u001b[36m<div\u001b[39m\n                \u001b[33mclass\u001b[39m=\u001b[32m\"_stepNo_62df29\"\u001b[39m\n              \u001b[36m>\u001b[39m\n                \u001b[0m1\u001b[0m\n              \u001b[36m</div>\u001b[39m\n              \u001b[36m<div\u001b[39m\n                \u001b[33mclass\u001b[39m=\u001b[32m\"_stepLabel_62df29\"\u001b[39m\n              \u001b[36m>\u001b[39m\n                \u001b[0m乘机信息\u001b[0m\n              \u001b[36m</div>\u001b[39m\n            \u001b[36m</div>\u001b[39m\n            \u001b[36m<div\u001b[39m\n              \u001b[33mclass\u001b[39m=\u001b[32m\"_step_62df29  \"\u001b[39m\n            \u001b[36m>\u001b[39m\n              \u001b[36m<div\u001b[39m\n                \u001b[33mclass\u001b[39m=\u001b[32m\"_stepNo_62df29\"\u001b[39m\n              \u001b[36m>\u001b[39m\n                \u001b[0m2\u001b[0m\n              \u001b[36m</div>\u001b[39m\n              \u001b[36m<div\u001b[39m\n                \u001b[33mclass\u001b[39m=\u001b[32m\"_stepLabel_62df29\"\u001b[39m\n              \u001b[36m>\u001b[39m\n                \u001b[0m增值服务\u001b[0m\n              \u001b[36m</div>\u001b[39m\n            \u001b[36m</div>\u001b[39m\n            \u001b[36m<div\u001b[39m\n              \u001b[33mclass\u001b[39m=\u001b[32m\"_step_62df29  \"\u001b[39m\n            \u001b[36m>\u001b[39m\n              \u001b[36m<div\u001b[39m\n                \u001b[33mclass\u001b[39m=\u001b[32m\"_stepNo_62df29\"\u001b[39m\n              \u001b[36m>\u001b[39m\n                \u001b[0m3\u001b[0m\n              \u001b[36m</div>\u001b[39m\n              \u001b[36m<div\u001b[39m\n                \u001b[33mclass\u001b[39m=\u001b[32m\"_stepLabel_62df29\"\u001b[39m\n              \u001b[36m>\u001b[39m\n                \u001b[0m支付\u001b[0m\n              \u001b[36m</div>\u001b[39m\n            \u001b[36m</div>\u001b[39m\n            \u001b[36m<div\u001b[39m\n              \u001b[33mclass\u001b[39m=\u001b[32m\"_step_62df29  \"\u001b[39m\n            \u001b[36m>\u001b[39m\n              \u001b[36m<div\u001b[39m\n                \u001b[33mclass\u001b[39m=\u001b[32m\"_stepNo_62df29\"\u001b[39m\n              \u001b[36m>\u001b[39m\n                \u001b[0m4\u001b[0m\n              \u001b[36m</div>\u001b[39m\n              \u001b[36m<div\u001b[39m\n                \u001b[33mclass\u001b[39m=\u001b[32m\"_stepLabel_62df29\"\u001b[39m\n              \u001b[36m>\u001b[39m\n                \u001b[0m完成\u001b[0m\n              \u001b[36m</div>\u001b[39m\n            \u001b[36m</div>\u001b[39m\n          \u001b[36m</div>\u001b[39m\n          \u001b[36m<div\u001b[39m\n            \u001b[33mclass\u001b[39m=\u001b[32m\"_headerRight_62df29\"\u001b[39m\n          \u001b[36m>\u001b[39m\n            \u001b[36m<div\u001b[39m\n              \u001b[33mclass\u001b[39m=\u001b[32m\"_rightLink_62df29\"\u001b[39m\n            \u001b[36m>\u001b[39m\n              \u001b[0m尊敬的会员\u001b[0m\n            \u001b[36m</div>\u001b[39m\n            \u001b[36m<div\u001b[39m\n              \u001b[33mclass\u001b[39m=\u001b[32m\"_rightLink_62df29\"\u001b[39m\n            \u001b[36m>\u001b[39m\n              \u001b[0m客服中心\u001b[0m\n            \u001b[36m</div>\u001b[39m\n          \u001b[36m</div>\u001b[39m\n        \u001b[36m</div>\u001b[39m\n      \u001b[36m</header>\u001b[39m\n      \u001b[36m<main\u001b[39m\n        \u001b[33mclass\u001b[39m=\u001b[32m\"_content_62df29\"\u001b[39m\n      \u001b[36m>\u001b[39m\n        \u001b[36m<div\u001b[39m\n          \u001b[33mclass\u001b[39m=\u001b[32m\"_page_b2f6f6\"\u001b[39m\n        \u001b[36m>\u001b[39m\n          \u001b[36m<div\u001b[39m\n            \u001b[33mclass\u001b[39m=\u001b[32m\"_grid_b2f6f6\"\u001b[39m\n          \u001b[36m>\u001b[39m\n            \u001b[36m<div\u001b[39m\n              \u001b[33mclass\u001b[39m=\u001b[32m\"_left_b2f6f6\"\u001b[39m\n            \u001b[36m>\u001b[39m\n              \u001b[36m<div\u001b[39m\n                \u001b[33mclass\u001b[39m=\u001b[32m\"_noticeBar_b2f6f6\"\u001b[39m\n              \u001b[36m>\u001b[39m\n                \u001b[0m15分钟内完成支付，否则订单将取消。\u001b[0m\n              \u001b[36m</div>\u001b[39m\n              \u001b[36m<div\u001b[39m\n                \u001b[33mclass\u001b[39m=\u001b[32m\"_personCard_b2f6f6\"\u001b[39m\n              \u001b[36m>\u001b[39m\n                \u001b[36m<div\u001b[39m\n                  \u001b[33mclass\u001b[39m=\u001b[32m\"_backEdit_b2f6f6\"\u001b[39m\n                \u001b[36m>\u001b[39m\n                  \u001b[0m返回修改\u001b[0m\n                \u001b[36m</div>\u001b[39m\n                \u001b[36m<div\u001b[39m\n                  \u001b[33mclass\u001b[39m=\u001b[32m\"_personLeft_b2f6f6\"\u001b[39m\n                \u001b[36m>\u001b[39m\n                  \u001b[36m<div\u001b[39m\n                    \u001b[33mclass\u001b[39m=\u001b[32m\"_personIndex_b2f6f6\"\u001b[39m\n                  \u001b[36m>\u001b[39m\n                    \u001b[0m1\u001b[0m\n                  \u001b[36m</div>\u001b[39m\n                  \u001b[36m<div\u001b[39m\n                    \u001b[33mclass\u001b[39m=\u001b[32m\"_personLine_b2f6f6\"\u001b[39m\n                  \u001b[36m>\u001b[39m\n                    \u001b[36m<div\u001b[39m\n                      \u001b[33mclass\u001b[39m=\u001b[32m\"_personType_b2f6f6\"\u001b[39m\n                    \u001b[36m>\u001b[39m\n                      \u001b[0m成人\u001b[0m\n                    \u001b[36m</div>\u001b[39m\n                    \u001b[36m<div\u001b[39m\n                      \u001b[33mclass\u001b[39m=\u001b[32m\"_personName_b2f6f6\"\u001b[39m\n                    \u001b[36m>\u001b[39m\n                      \u001b[0m刘旭航\u001b[0m\n                    \u001b[36m</div>\u001b[39m\n                    \u001b[36m<div\u001b[39m\n                      \u001b[33mclass\u001b[39m=\u001b[32m\"_personIdLabel_b2f6f6\"\u001b[39m\n                    \u001b[36m>\u001b[39m\n                      \u001b[0m身份证\u001b[0m\n                    \u001b[36m</div>\u001b[39m\n                    \u001b[36m<div\u001b[39m\n                      \u001b[33mclass\u001b[39m=\u001b[32m\"_personId_b2f6f6\"\u001b[39m\n                    \u001b[36m>\u001b[39m\n                      \u001b[0m360924 2005 0910 0812\u001b[0m\n                    \u001b[36m</div>\u001b[39m\n                  \u001b[36m</div>\u001b[39m\n                \u001b[36m</div>\u001b[39m\n                \u001b[36m<div\u001b[39m\n                  \u001b[33maria-hidden\u001b[39m...\n    at Object.getElementError (D:\\各种任务\\软件工程与项目管理\\My_Evoflow\\frontend\\node_modules\\@testing-library\\dom\\dist\\config.js:37:19)\n    at getAllByLabelText (D:\\各种任务\\软件工程与项目管理\\My_Evoflow\\frontend\\node_modules\\@testing-library\\dom\\dist\\queries\\label-text.js:111:38)\n    at D:\\各种任务\\软件工程与项目管理\\My_Evoflow\\frontend\\node_modules\\@testing-library\\dom\\dist\\query-helpers.js:52:17\n    at D:\\各种任务\\软件工程与项目管理\\My_Evoflow\\frontend\\node_modules\\@testing-library\\dom\\dist\\query-helpers.js:95:19\n    at D:\\各种任务\\软件工程与项目管理\\My_Evoflow\\frontend\\test\\pages\\BuyTicketStep2.test.jsx:53:29\n    at file:///D:/%E5%90%84%E7%A7%8D%E4%BB%BB%E5%8A%A1/%E8%BD%AF%E4%BB%B6%E5%B7%A5%E7%A8%8B%E4%B8%8E%E9%A1%B9%E7%9B%AE%E7%AE%A1%E7%90%86/My_Evoflow/frontend/node_modules/@vitest/runner/dist/index.js:146:14\n    at file:///D:/%E5%90%84%E7%A7%8D%E4%BB%BB%E5%8A%A1/%E8%BD%AF%E4%BB%B6%E5%B7%A5%E7%A8%8B%E4%B8%8E%E9%A1%B9%E7%9B%AE%E7%AE%A1%E7%90%86/My_Evoflow/frontend/node_modules/@vitest/runner/dist/index.js:533:11\n    at runWithTimeout (file:///D:/%E5%90%84%E7%A7%8D%E4%BB%BB%E5%8A%A1/%E8%BD%AF%E4%BB%B6%E5%B7%A5%E7%A8%8B%E4%B8%8E%E9%A1%B9%E7%9B%AE%E7%AE%A1%E7%90%86/My_Evoflow/frontend/node_modules/@vitest/runner/dist/index.js:39:7)\n    at runTest (file:///D:/%E5%90%84%E7%A7%8D%E4%BB%BB%E5%8A%A1/%E8%BD%AF%E4%BB%B6%E5%B7%A5%E7%A8%8B%E4%B8%8E%E9%A1%B9%E7%9B%AE%E7%AE%A1%E7%90%86/My_Evoflow/frontend/node_modules/@vitest/runner/dist/index.js:1056:17)\n    at runSuite (file:///D:/%E5%90%84%E7%A7%8D%E4%BB%BB%E5%8A%A1/%E8%BD%AF%E4%BB%B6%E5%B7%A5%E7%A8%8B%E4%B8%8E%E9%A1%B9%E7%9B%AE%E7%AE%A1%E7%90%86/My_Evoflow/frontend/node_modules/@vitest/runner/dist/index.js:1205:15)"],"meta":{}},{"ancestorTitles":["BuyTicketStep2 Scenarios"],"fullName":"BuyTicketStep2 Scenarios 3.1 系统异常（服务列表加载失败）：显示占位并允许继续至支付","status":"failed","title":"3.1 系统异常（服务列表加载失败）：显示占位并允许继续至支付","duration":22.862299999999777,"failureMessages":["TestingLibraryElementError: Unable to find an element with the text: 加载失败. This could be because the text is broken up by multiple elements. In this case, you can provide a function for your text matcher to make your matcher more flexible.\n\nIgnored nodes: comments, script, style\n\u001b[36m<body>\u001b[39m\n  \u001b[36m<div>\u001b[39m\n    \u001b[36m<div\u001b[39m\n      \u001b[33mclass\u001b[39m=\u001b[32m\"_page_62df29\"\u001b[39m\n    \u001b[36m>\u001b[39m\n      \u001b[36m<header\u001b[39m\n        \u001b[33mclass\u001b[39m=\u001b[32m\"_header_62df29\"\u001b[39m\n      \u001b[36m>\u001b[39m\n        \u001b[36m<div\u001b[39m\n          \u001b[33mclass\u001b[39m=\u001b[32m\"_headerInner_62df29\"\u001b[39m\n        \u001b[36m>\u001b[39m\n          \u001b[36m<div\u001b[39m\n            \u001b[33mclass\u001b[39m=\u001b[32m\"_brand_62df29\"\u001b[39m\n          \u001b[36m>\u001b[39m\n            \u001b[36m<svg\u001b[39m\n              \u001b[33maria-label\u001b[39m=\u001b[32m\"占位 Logo\"\u001b[39m\n              \u001b[33mclass\u001b[39m=\u001b[32m\"_svg_73024e\"\u001b[39m\n              \u001b[33mrole\u001b[39m=\u001b[32m\"img\"\u001b[39m\n              \u001b[33mstyle\u001b[39m=\u001b[32m\"width: 22px; height: 22px;\"\u001b[39m\n              \u001b[33mviewBox\u001b[39m=\u001b[32m\"0 0 22 22\"\u001b[39m\n              \u001b[33mxmlns\u001b[39m=\u001b[32m\"http://www.w3.org/2000/svg\"\u001b[39m\n            \u001b[36m>\u001b[39m\n              \u001b[36m<rect\u001b[39m\n                \u001b[33mfill\u001b[39m=\u001b[32m\"#D9D9D9\"\u001b[39m\n                \u001b[33mheight\u001b[39m=\u001b[32m\"100%\"\u001b[39m\n                \u001b[33mwidth\u001b[39m=\u001b[32m\"100%\"\u001b[39m\n                \u001b[33mx\u001b[39m=\u001b[32m\"0\"\u001b[39m\n                \u001b[33my\u001b[39m=\u001b[32m\"0\"\u001b[39m\n              \u001b[36m/>\u001b[39m\n              \u001b[36m<rect\u001b[39m\n                \u001b[33mfill\u001b[39m=\u001b[32m\"none\"\u001b[39m\n                \u001b[33mheight\u001b[39m=\u001b[32m\"calc(100% - 1px)\"\u001b[39m\n                \u001b[33mstroke\u001b[39m=\u001b[32m\"#B8B8B8\"\u001b[39m\n                \u001b[33mwidth\u001b[39m=\u001b[32m\"calc(100% - 1px)\"\u001b[39m\n                \u001b[33mx\u001b[39m=\u001b[32m\"0.5\"\u001b[39m\n                \u001b[33my\u001b[39m=\u001b[32m\"0.5\"\u001b[39m\n              \u001b[36m/>\u001b[39m\n              \u001b[36m<text\u001b[39m\n                \u001b[33mclass\u001b[39m=\u001b[32m\"_text_73024e\"\u001b[39m\n                \u001b[33mdominant-baseline\u001b[39m=\u001b[32m\"middle\"\u001b[39m\n                \u001b[33mtext-anchor\u001b[39m=\u001b[32m\"middle\"\u001b[39m\n                \u001b[33mx\u001b[39m=\u001b[32m\"50%\"\u001b[39m\n                \u001b[33my\u001b[39m=\u001b[32m\"50%\"\u001b[39m\n              \u001b[36m>\u001b[39m\n                \u001b[0m占位 Logo\u001b[0m\n              \u001b[36m</text>\u001b[39m\n            \u001b[36m</svg>\u001b[39m\n            \u001b[36m<div\u001b[39m\n              \u001b[33mclass\u001b[39m=\u001b[32m\"_brandText_62df29\"\u001b[39m\n            \u001b[36m>\u001b[39m\n              \u001b[0m携程旅行\u001b[0m\n            \u001b[36m</div>\u001b[39m\n          \u001b[36m</div>\u001b[39m\n          \u001b[36m<div\u001b[39m\n            \u001b[33mclass\u001b[39m=\u001b[32m\"_steps_62df29\"\u001b[39m\n          \u001b[36m>\u001b[39m\n            \u001b[36m<div\u001b[39m\n              \u001b[33mclass\u001b[39m=\u001b[32m\"_step_62df29  _stepActive_62df29\"\u001b[39m\n            \u001b[36m>\u001b[39m\n              \u001b[36m<div\u001b[39m\n                \u001b[33mclass\u001b[39m=\u001b[32m\"_stepNo_62df29\"\u001b[39m\n              \u001b[36m>\u001b[39m\n                \u001b[0m1\u001b[0m\n              \u001b[36m</div>\u001b[39m\n              \u001b[36m<div\u001b[39m\n                \u001b[33mclass\u001b[39m=\u001b[32m\"_stepLabel_62df29\"\u001b[39m\n              \u001b[36m>\u001b[39m\n                \u001b[0m乘机信息\u001b[0m\n              \u001b[36m</div>\u001b[39m\n            \u001b[36m</div>\u001b[39m\n            \u001b[36m<div\u001b[39m\n              \u001b[33mclass\u001b[39m=\u001b[32m\"_step_62df29  \"\u001b[39m\n            \u001b[36m>\u001b[39m\n              \u001b[36m<div\u001b[39m\n                \u001b[33mclass\u001b[39m=\u001b[32m\"_stepNo_62df29\"\u001b[39m\n              \u001b[36m>\u001b[39m\n                \u001b[0m2\u001b[0m\n              \u001b[36m</div>\u001b[39m\n              \u001b[36m<div\u001b[39m\n                \u001b[33mclass\u001b[39m=\u001b[32m\"_stepLabel_62df29\"\u001b[39m\n              \u001b[36m>\u001b[39m\n                \u001b[0m增值服务\u001b[0m\n              \u001b[36m</div>\u001b[39m\n            \u001b[36m</div>\u001b[39m\n            \u001b[36m<div\u001b[39m\n              \u001b[33mclass\u001b[39m=\u001b[32m\"_step_62df29  \"\u001b[39m\n            \u001b[36m>\u001b[39m\n              \u001b[36m<div\u001b[39m\n                \u001b[33mclass\u001b[39m=\u001b[32m\"_stepNo_62df29\"\u001b[39m\n              \u001b[36m>\u001b[39m\n                \u001b[0m3\u001b[0m\n              \u001b[36m</div>\u001b[39m\n              \u001b[36m<div\u001b[39m\n                \u001b[33mclass\u001b[39m=\u001b[32m\"_stepLabel_62df29\"\u001b[39m\n              \u001b[36m>\u001b[39m\n                \u001b[0m支付\u001b[0m\n              \u001b[36m</div>\u001b[39m\n            \u001b[36m</div>\u001b[39m\n            \u001b[36m<div\u001b[39m\n              \u001b[33mclass\u001b[39m=\u001b[32m\"_step_62df29  \"\u001b[39m\n            \u001b[36m>\u001b[39m\n              \u001b[36m<div\u001b[39m\n                \u001b[33mclass\u001b[39m=\u001b[32m\"_stepNo_62df29\"\u001b[39m\n              \u001b[36m>\u001b[39m\n                \u001b[0m4\u001b[0m\n              \u001b[36m</div>\u001b[39m\n              \u001b[36m<div\u001b[39m\n                \u001b[33mclass\u001b[39m=\u001b[32m\"_stepLabel_62df29\"\u001b[39m\n              \u001b[36m>\u001b[39m\n                \u001b[0m完成\u001b[0m\n              \u001b[36m</div>\u001b[39m\n            \u001b[36m</div>\u001b[39m\n          \u001b[36m</div>\u001b[39m\n          \u001b[36m<div\u001b[39m\n            \u001b[33mclass\u001b[39m=\u001b[32m\"_headerRight_62df29\"\u001b[39m\n          \u001b[36m>\u001b[39m\n            \u001b[36m<div\u001b[39m\n              \u001b[33mclass\u001b[39m=\u001b[32m\"_rightLink_62df29\"\u001b[39m\n            \u001b[36m>\u001b[39m\n              \u001b[0m尊敬的会员\u001b[0m\n            \u001b[36m</div>\u001b[39m\n            \u001b[36m<div\u001b[39m\n              \u001b[33mclass\u001b[39m=\u001b[32m\"_rightLink_62df29\"\u001b[39m\n            \u001b[36m>\u001b[39m\n              \u001b[0m客服中心\u001b[0m\n            \u001b[36m</div>\u001b[39m\n          \u001b[36m</div>\u001b[39m\n        \u001b[36m</div>\u001b[39m\n      \u001b[36m</header>\u001b[39m\n      \u001b[36m<main\u001b[39m\n        \u001b[33mclass\u001b[39m=\u001b[32m\"_content_62df29\"\u001b[39m\n      \u001b[36m>\u001b[39m\n        \u001b[36m<div\u001b[39m\n          \u001b[33mclass\u001b[39m=\u001b[32m\"_page_b2f6f6\"\u001b[39m\n        \u001b[36m>\u001b[39m\n          \u001b[36m<div\u001b[39m\n            \u001b[33mclass\u001b[39m=\u001b[32m\"_grid_b2f6f6\"\u001b[39m\n          \u001b[36m>\u001b[39m\n            \u001b[36m<div\u001b[39m\n              \u001b[33mclass\u001b[39m=\u001b[32m\"_left_b2f6f6\"\u001b[39m\n            \u001b[36m>\u001b[39m\n              \u001b[36m<div\u001b[39m\n                \u001b[33mclass\u001b[39m=\u001b[32m\"_noticeBar_b2f6f6\"\u001b[39m\n              \u001b[36m>\u001b[39m\n                \u001b[0m15分钟内完成支付，否则订单将取消。\u001b[0m\n              \u001b[36m</div>\u001b[39m\n              \u001b[36m<div\u001b[39m\n                \u001b[33mclass\u001b[39m=\u001b[32m\"_personCard_b2f6f6\"\u001b[39m\n              \u001b[36m>\u001b[39m\n                \u001b[36m<div\u001b[39m\n                  \u001b[33mclass\u001b[39m=\u001b[32m\"_backEdit_b2f6f6\"\u001b[39m\n                \u001b[36m>\u001b[39m\n                  \u001b[0m返回修改\u001b[0m\n                \u001b[36m</div>\u001b[39m\n                \u001b[36m<div\u001b[39m\n                  \u001b[33mclass\u001b[39m=\u001b[32m\"_personLeft_b2f6f6\"\u001b[39m\n                \u001b[36m>\u001b[39m\n                  \u001b[36m<div\u001b[39m\n                    \u001b[33mclass\u001b[39m=\u001b[32m\"_personIndex_b2f6f6\"\u001b[39m\n                  \u001b[36m>\u001b[39m\n                    \u001b[0m1\u001b[0m\n                  \u001b[36m</div>\u001b[39m\n                  \u001b[36m<div\u001b[39m\n                    \u001b[33mclass\u001b[39m=\u001b[32m\"_personLine_b2f6f6\"\u001b[39m\n                  \u001b[36m>\u001b[39m\n                    \u001b[36m<div\u001b[39m\n                      \u001b[33mclass\u001b[39m=\u001b[32m\"_personType_b2f6f6\"\u001b[39m\n                    \u001b[36m>\u001b[39m\n                      \u001b[0m成人\u001b[0m\n                    \u001b[36m</div>\u001b[39m\n                    \u001b[36m<div\u001b[39m\n                      \u001b[33mclass\u001b[39m=\u001b[32m\"_personName_b2f6f6\"\u001b[39m\n                    \u001b[36m>\u001b[39m\n                      \u001b[0m刘旭航\u001b[0m\n                    \u001b[36m</div>\u001b[39m\n                    \u001b[36m<div\u001b[39m\n                      \u001b[33mclass\u001b[39m=\u001b[32m\"_personIdLabel_b2f6f6\"\u001b[39m\n                    \u001b[36m>\u001b[39m\n                      \u001b[0m身份证\u001b[0m\n                    \u001b[36m</div>\u001b[39m\n                    \u001b[36m<div\u001b[39m\n                      \u001b[33mclass\u001b[39m=\u001b[32m\"_personId_b2f6f6\"\u001b[39m\n                    \u001b[36m>\u001b[39m\n                      \u001b[0m360924 2005 0910 0812\u001b[0m\n                    \u001b[36m</div>\u001b[39m\n                  \u001b[36m</div>\u001b[39m\n                \u001b[36m</div>\u001b[39m\n                \u001b[36m<div\u001b[39m\n                  \u001b[33maria-hidden\u001b[39m...\n    at Object.getElementError (D:\\各种任务\\软件工程与项目管理\\My_Evoflow\\frontend\\node_modules\\@testing-library\\dom\\dist\\config.js:37:19)\n    at D:\\各种任务\\软件工程与项目管理\\My_Evoflow\\frontend\\node_modules\\@testing-library\\dom\\dist\\query-helpers.js:76:38\n    at D:\\各种任务\\软件工程与项目管理\\My_Evoflow\\frontend\\node_modules\\@testing-library\\dom\\dist\\query-helpers.js:52:17\n    at D:\\各种任务\\软件工程与项目管理\\My_Evoflow\\frontend\\node_modules\\@testing-library\\dom\\dist\\query-helpers.js:95:19\n    at D:\\各种任务\\软件工程与项目管理\\My_Evoflow\\frontend\\test\\pages\\BuyTicketStep2.test.jsx:66:19\n    at file:///D:/%E5%90%84%E7%A7%8D%E4%BB%BB%E5%8A%A1/%E8%BD%AF%E4%BB%B6%E5%B7%A5%E7%A8%8B%E4%B8%8E%E9%A1%B9%E7%9B%AE%E7%AE%A1%E7%90%86/My_Evoflow/frontend/node_modules/@vitest/runner/dist/index.js:146:14\n    at file:///D:/%E5%90%84%E7%A7%8D%E4%BB%BB%E5%8A%A1/%E8%BD%AF%E4%BB%B6%E5%B7%A5%E7%A8%8B%E4%B8%8E%E9%A1%B9%E7%9B%AE%E7%AE%A1%E7%90%86/My_Evoflow/frontend/node_modules/@vitest/runner/dist/index.js:533:11\n    at runWithTimeout (file:///D:/%E5%90%84%E7%A7%8D%E4%BB%BB%E5%8A%A1/%E8%BD%AF%E4%BB%B6%E5%B7%A5%E7%A8%8B%E4%B8%8E%E9%A1%B9%E7%9B%AE%E7%AE%A1%E7%90%86/My_Evoflow/frontend/node_modules/@vitest/runner/dist/index.js:39:7)\n    at runTest (file:///D:/%E5%90%84%E7%A7%8D%E4%BB%BB%E5%8A%A1/%E8%BD%AF%E4%BB%B6%E5%B7%A5%E7%A8%8B%E4%B8%8E%E9%A1%B9%E7%9B%AE%E7%AE%A1%E7%90%86/My_Evoflow/frontend/node_modules/@vitest/runner/dist/index.js:1056:17)\n    at runSuite (file:///D:/%E5%90%84%E7%A7%8D%E4%BB%BB%E5%8A%A1/%E8%BD%AF%E4%BB%B6%E5%B7%A5%E7%A8%8B%E4%B8%8E%E9%A1%B9%E7%9B%AE%E7%AE%A1%E7%90%86/My_Evoflow/frontend/node_modules/@vitest/runner/dist/index.js:1205:15)"],"meta":{}}],"startTime":1768668667888,"endTime":1768668668086.8623,"status":"failed","message":"","name":"D:/各种任务/软件工程与项目管理/My_Evoflow/frontend/test/pages/BuyTicketStep2.test.jsx"},{"assertionResults":[{"ancestorTitles":["BuyTicketStep3 Scenarios"],"fullName":"BuyTicketStep3 Scenarios 4.1 正常支付并进入完成页：点击支付应提交支付请求并跳转 booking/complete","status":"failed","title":"4.1 正常支付并进入完成页：点击支付应提交支付请求并跳转 booking/complete","duration":124.33150000000023,"failureMessages":["AssertionError: expected \"spy\" to be called with arguments: [ StringContaining{…}, …(1) ]\u001b[90m\n\nReceived: \n\n\u001b[39m\u001b[90m\n\nNumber of calls: \u001b[1m0\u001b[22m\n\u001b[39m\n    at Proxy.<anonymous> (file:///D:/%E5%90%84%E7%A7%8D%E4%BB%BB%E5%8A%A1/%E8%BD%AF%E4%BB%B6%E5%B7%A5%E7%A8%8B%E4%B8%8E%E9%A1%B9%E7%9B%AE%E7%AE%A1%E7%90%86/My_Evoflow/frontend/node_modules/@vitest/expect/dist/index.js:1465:13)\n    at Proxy.<anonymous> (file:///D:/%E5%90%84%E7%A7%8D%E4%BB%BB%E5%8A%A1/%E8%BD%AF%E4%BB%B6%E5%B7%A5%E7%A8%8B%E4%B8%8E%E9%A1%B9%E7%9B%AE%E7%AE%A1%E7%90%86/My_Evoflow/frontend/node_modules/@vitest/expect/dist/index.js:972:17)\n    at Proxy.methodWrapper (file:///D:/%E5%90%84%E7%A7%8D%E4%BB%BB%E5%8A%A1/%E8%BD%AF%E4%BB%B6%E5%B7%A5%E7%A8%8B%E4%B8%8E%E9%A1%B9%E7%9B%AE%E7%AE%A1%E7%90%86/My_Evoflow/frontend/node_modules/chai/index.js:1686:25)\n    at D:\\各种任务\\软件工程与项目管理\\My_Evoflow\\frontend\\test\\pages\\BuyTicketStep3.test.jsx:33:23\n    at file:///D:/%E5%90%84%E7%A7%8D%E4%BB%BB%E5%8A%A1/%E8%BD%AF%E4%BB%B6%E5%B7%A5%E7%A8%8B%E4%B8%8E%E9%A1%B9%E7%9B%AE%E7%AE%A1%E7%90%86/My_Evoflow/frontend/node_modules/@vitest/runner/dist/index.js:533:5\n    at runTest (file:///D:/%E5%90%84%E7%A7%8D%E4%BB%BB%E5%8A%A1/%E8%BD%AF%E4%BB%B6%E5%B7%A5%E7%A8%8B%E4%B8%8E%E9%A1%B9%E7%9B%AE%E7%AE%A1%E7%90%86/My_Evoflow/frontend/node_modules/@vitest/runner/dist/index.js:1056:11)\n    at runSuite (file:///D:/%E5%90%84%E7%A7%8D%E4%BB%BB%E5%8A%A1/%E8%BD%AF%E4%BB%B6%E5%B7%A5%E7%A8%8B%E4%B8%8E%E9%A1%B9%E7%9B%AE%E7%AE%A1%E7%90%86/My_Evoflow/frontend/node_modules/@vitest/runner/dist/index.js:1205:15)\n    at runSuite (file:///D:/%E5%90%84%E7%A7%8D%E4%BB%BB%E5%8A%A1/%E8%BD%AF%E4%BB%B6%E5%B7%A5%E7%A8%8B%E4%B8%8E%E9%A1%B9%E7%9B%AE%E7%AE%A1%E7%90%86/My_Evoflow/frontend/node_modules/@vitest/runner/dist/index.js:1205:15)\n    at runFiles (file:///D:/%E5%90%84%E7%A7%8D%E4%BB%BB%E5%8A%A1/%E8%BD%AF%E4%BB%B6%E5%B7%A5%E7%A8%8B%E4%B8%8E%E9%A1%B9%E7%9B%AE%E7%AE%A1%E7%90%86/My_Evoflow/frontend/node_modules/@vitest/runner/dist/index.js:1262:5)\n    at startTests (file:///D:/%E5%90%84%E7%A7%8D%E4%BB%BB%E5%8A%A1/%E8%BD%AF%E4%BB%B6%E5%B7%A5%E7%A8%8B%E4%B8%8E%E9%A1%B9%E7%9B%AE%E7%AE%A1%E7%90%86/My_Evoflow/frontend/node_modules/@vitest/runner/dist/index.js:1271:3)"],"meta":{}},{"ancestorTitles":["BuyTicketStep3 Scenarios"],"fullName":"BuyTicketStep3 Scenarios 4.1 输入异常（新卡信息不完整）：支付按钮不可用或提示请填写完整且有效的卡信息","status":"failed","title":"4.1 输入异常（新卡信息不完整）：支付按钮不可用或提示请填写完整且有效的卡信息","duration":59.154199999999946,"failureMessages":["TestingLibraryElementError: Found multiple elements with the text: /支付/\n\nHere are the matching elements:\n\nIgnored nodes: comments, script, style\n\u001b[36m<div\u001b[39m\n  \u001b[33mclass\u001b[39m=\u001b[32m\"_stepLabel_62df29\"\u001b[39m\n\u001b[36m>\u001b[39m\n  \u001b[0m支付\u001b[0m\n\u001b[36m</div>\u001b[39m\n\nIgnored nodes: comments, script, style\n\u001b[36m<div\u001b[39m\n  \u001b[33mclass\u001b[39m=\u001b[32m\"_payOtherRow_542eaa\"\u001b[39m\n\u001b[36m>\u001b[39m\n  \u001b[36m<span\u001b[39m\n    \u001b[33maria-hidden\u001b[39m=\u001b[32m\"true\"\u001b[39m\n    \u001b[33mclass\u001b[39m=\u001b[32m\"_radioOff_542eaa\"\u001b[39m\n  \u001b[36m/>\u001b[39m\n  \u001b[0m使用新卡支付\u001b[0m\n\u001b[36m</div>\u001b[39m\n\nIgnored nodes: comments, script, style\n\u001b[36m<a\u001b[39m\n  \u001b[33mclass\u001b[39m=\u001b[32m\"_payBtn_542eaa\"\u001b[39m\n  \u001b[33mhref\u001b[39m=\u001b[32m\"#/buy-ticket/step4\"\u001b[39m\n\u001b[36m>\u001b[39m\n  \u001b[0m银行卡支付 ¥528.00\u001b[0m\n\u001b[36m</a>\u001b[39m\n\nIgnored nodes: comments, script, style\n\u001b[36m<div\u001b[39m\n  \u001b[33mclass\u001b[39m=\u001b[32m\"_aliLeft_542eaa\"\u001b[39m\n\u001b[36m>\u001b[39m\n  \u001b[36m<span\u001b[39m\n    \u001b[33maria-hidden\u001b[39m=\u001b[32m\"true\"\u001b[39m\n    \u001b[33mclass\u001b[39m=\u001b[32m\"_aliIcon_542eaa\"\u001b[39m\n  \u001b[36m>\u001b[39m\n    \u001b[36m<svg\u001b[39m\n      \u001b[33maria-label\u001b[39m=\u001b[32m\"占位 支付宝\"\u001b[39m\n      \u001b[33mclass\u001b[39m=\u001b[32m\"_svg_73024e\"\u001b[39m\n      \u001b[33mrole\u001b[39m=\u001b[32m\"img\"\u001b[39m\n      \u001b[33mstyle\u001b[39m=\u001b[32m\"width: 16px; height: 16px;\"\u001b[39m\n      \u001b[33mviewBox\u001b[39m=\u001b[32m\"0 0 16 16\"\u001b[39m\n      \u001b[33mxmlns\u001b[39m=\u001b[32m\"http://www.w3.org/2000/svg\"\u001b[39m\n    \u001b[36m>\u001b[39m\n      \u001b[36m<rect\u001b[39m\n        \u001b[33mfill\u001b[39m=\u001b[32m\"#D9D9D9\"\u001b[39m\n        \u001b[33mheight\u001b[39m=\u001b[32m\"100%\"\u001b[39m\n        \u001b[33mwidth\u001b[39m=\u001b[32m\"100%\"\u001b[39m\n        \u001b[33mx\u001b[39m=\u001b[32m\"0\"\u001b[39m\n        \u001b[33my\u001b[39m=\u001b[32m\"0\"\u001b[39m\n      \u001b[36m/>\u001b[39m\n      \u001b[36m<rect\u001b[39m\n        \u001b[33mfill\u001b[39m=\u001b[32m\"none\"\u001b[39m\n        \u001b[33mheight\u001b[39m=\u001b[32m\"calc(100% - 1px)\"\u001b[39m\n        \u001b[33mstroke\u001b[39m=\u001b[32m\"#B8B8B8\"\u001b[39m\n        \u001b[33mwidth\u001b[39m=\u001b[32m\"calc(100% - 1px)\"\u001b[39m\n        \u001b[33mx\u001b[39m=\u001b[32m\"0.5\"\u001b[39m\n        \u001b[33my\u001b[39m=\u001b[32m\"0.5\"\u001b[39m\n      \u001b[36m/>\u001b[39m\n      \u001b[36m<text\u001b[39m\n        \u001b[33mclass\u001b[39m=\u001b[32m\"_text_73024e\"\u001b[39m\n        \u001b[33mdominant-baseline\u001b[39m=\u001b[32m\"middle\"\u001b[39m\n        \u001b[33mtext-anchor\u001b[39m=\u001b[32m\"middle\"\u001b[39m\n        \u001b[33mx\u001b[39m=\u001b[32m\"50%\"\u001b[39m\n        \u001b[33my\u001b[39m=\u001b[32m\"50%\"\u001b[39m\n      \u001b[36m>\u001b[39m\n        \u001b[0m占位 支付宝\u001b[0m\n      \u001b[36m</text>\u001b[39m\n    \u001b[36m</svg>\u001b[39m\n  \u001b[36m</span>\u001b[39m\n  \u001b[0m支付宝\u001b[0m\n\u001b[36m</div>\u001b[39m\n\nIgnored nodes: comments, script, style\n\u001b[36m<text\u001b[39m\n  \u001b[33mclass\u001b[39m=\u001b[32m\"_text_73024e\"\u001b[39m\n  \u001b[33mdominant-baseline\u001b[39m=\u001b[32m\"middle\"\u001b[39m\n  \u001b[33mtext-anchor\u001b[39m=\u001b[32m\"middle\"\u001b[39m\n  \u001b[33mx\u001b[39m=\u001b[32m\"50%\"\u001b[39m\n  \u001b[33my\u001b[39m=\u001b[32m\"50%\"\u001b[39m\n\u001b[36m>\u001b[39m\n  \u001b[0m占位 支付宝\u001b[0m\n\u001b[36m</text>\u001b[39m\n\nIgnored nodes: comments, script, style\n\u001b[36m<text\u001b[39m\n  \u001b[33mclass\u001b[39m=\u001b[32m\"_text_73024e\"\u001b[39m\n  \u001b[33mdominant-baseline\u001b[39m=\u001b[32m\"middle\"\u001b[39m\n  \u001b[33mtext-anchor\u001b[39m=\u001b[32m\"middle\"\u001b[39m\n  \u001b[33mx\u001b[39m=\u001b[32m\"50%\"\u001b[39m\n  \u001b[33my\u001b[39m=\u001b[32m\"50%\"\u001b[39m\n\u001b[36m>\u001b[39m\n  \u001b[0m占位 支付盾牌\u001b[0m\n\u001b[36m</text>\u001b[39m\n\nIgnored nodes: comments, script, style\n\u001b[36m<div\u001b[39m\n  \u001b[33mclass\u001b[39m=\u001b[32m\"_badgeText_542eaa\"\u001b[39m\n\u001b[36m>\u001b[39m\n  \u001b[0m携程支付安全保障\u001b[0m\n\u001b[36m</div>\u001b[39m\n\n(If this is intentional, then use the `*AllBy*` variant of the query (like `queryAllByText`, `getAllByText`, or `findAllByText`)).\n\nIgnored nodes: comments, script, style\n\u001b[36m<body>\u001b[39m\n  \u001b[36m<div>\u001b[39m\n    \u001b[36m<div\u001b[39m\n      \u001b[33mclass\u001b[39m=\u001b[32m\"_page_62df29\"\u001b[39m\n    \u001b[36m>\u001b[39m\n      \u001b[36m<header\u001b[39m\n        \u001b[33mclass\u001b[39m=\u001b[32m\"_header_62df29\"\u001b[39m\n      \u001b[36m>\u001b[39m\n        \u001b[36m<div\u001b[39m\n          \u001b[33mclass\u001b[39m=\u001b[32m\"_headerInner_62df29\"\u001b[39m\n        \u001b[36m>\u001b[39m\n          \u001b[36m<div\u001b[39m\n            \u001b[33mclass\u001b[39m=\u001b[32m\"_brand_62df29\"\u001b[39m\n          \u001b[36m>\u001b[39m\n            \u001b[36m<svg\u001b[39m\n              \u001b[33maria-label\u001b[39m=\u001b[32m\"占位 Logo\"\u001b[39m\n              \u001b[33mclass\u001b[39m=\u001b[32m\"_svg_73024e\"\u001b[39m\n              \u001b[33mrole\u001b[39m=\u001b[32m\"img\"\u001b[39m\n              \u001b[33mstyle\u001b[39m=\u001b[32m\"width: 22px; height: 22px;\"\u001b[39m\n              \u001b[33mviewBox\u001b[39m=\u001b[32m\"0 0 22 22\"\u001b[39m\n              \u001b[33mxmlns\u001b[39m=\u001b[32m\"http://www.w3.org/2000/svg\"\u001b[39m\n            \u001b[36m>\u001b[39m\n              \u001b[36m<rect\u001b[39m\n                \u001b[33mfill\u001b[39m=\u001b[32m\"#D9D9D9\"\u001b[39m\n                \u001b[33mheight\u001b[39m=\u001b[32m\"100%\"\u001b[39m\n                \u001b[33mwidth\u001b[39m=\u001b[32m\"100%\"\u001b[39m\n                \u001b[33mx\u001b[39m=\u001b[32m\"0\"\u001b[39m\n                \u001b[33my\u001b[39m=\u001b[32m\"0\"\u001b[39m\n              \u001b[36m/>\u001b[39m\n              \u001b[36m<rect\u001b[39m\n                \u001b[33mfill\u001b[39m=\u001b[32m\"none\"\u001b[39m\n                \u001b[33mheight\u001b[39m=\u001b[32m\"calc(100% - 1px)\"\u001b[39m\n                \u001b[33mstroke\u001b[39m=\u001b[32m\"#B8B8B8\"\u001b[39m\n                \u001b[33mwidth\u001b[39m=\u001b[32m\"calc(100% - 1px)\"\u001b[39m\n                \u001b[33mx\u001b[39m=\u001b[32m\"0.5\"\u001b[39m\n                \u001b[33my\u001b[39m=\u001b[32m\"0.5\"\u001b[39m\n              \u001b[36m/>\u001b[39m\n              \u001b[36m<text\u001b[39m\n                \u001b[33mclass\u001b[39m=\u001b[32m\"_text_73024e\"\u001b[39m\n                \u001b[33mdominant-baseline\u001b[39m=\u001b[32m\"middle\"\u001b[39m\n                \u001b[33mtext-anchor\u001b[39m=\u001b[32m\"middle\"\u001b[39m\n                \u001b[33mx\u001b[39m=\u001b[32m\"50%\"\u001b[39m\n                \u001b[33my\u001b[39m=\u001b[32m\"50%\"\u001b[39m\n              \u001b[36m>\u001b[39m\n                \u001b[0m占位 Logo\u001b[0m\n              \u001b[36m</text>\u001b[39m\n            \u001b[36m</svg>\u001b[39m\n            \u001b[36m<div\u001b[39m\n              \u001b[33mclass\u001b[39m=\u001b[32m\"_brandText_62df29\"\u001b[39m\n            \u001b[36m>\u001b[39m\n              \u001b[0m携程旅行\u001b[0m\n            \u001b[36m</div>\u001b[39m\n          \u001b[36m</div>\u001b[39m\n          \u001b[36m<div\u001b[39m\n            \u001b[33mclass\u001b[39m=\u001b[32m\"_steps_62df29\"\u001b[39m\n          \u001b[36m>\u001b[39m\n            \u001b[36m<div\u001b[39m\n              \u001b[33mclass\u001b[39m=\u001b[32m\"_step_62df29  _stepActive_62df29\"\u001b[39m\n            \u001b[36m>\u001b[39m\n              \u001b[36m<div\u001b[39m\n                \u001b[33mclass\u001b[39m=\u001b[32m\"_stepNo_62df29\"\u001b[39m\n              \u001b[36m>\u001b[39m\n                \u001b[0m1\u001b[0m\n              \u001b[36m</div>\u001b[39m\n              \u001b[36m<div\u001b[39m\n                \u001b[33mclass\u001b[39m=\u001b[32m\"_stepLabel_62df29\"\u001b[39m\n              \u001b[36m>\u001b[39m\n                \u001b[0m乘机信息\u001b[0m\n              \u001b[36m</div>\u001b[39m\n            \u001b[36m</div>\u001b[39m\n            \u001b[36m<div\u001b[39m\n              \u001b[33mclass\u001b[39m=\u001b[32m\"_step_62df29  \"\u001b[39m\n            \u001b[36m>\u001b[39m\n              \u001b[36m<div\u001b[39m\n                \u001b[33mclass\u001b[39m=\u001b[32m\"_stepNo_62df29\"\u001b[39m\n              \u001b[36m>\u001b[39m\n                \u001b[0m2\u001b[0m\n              \u001b[36m</div>\u001b[39m\n              \u001b[36m<div\u001b[39m\n                \u001b[33mclass\u001b[39m=\u001b[32m\"_stepLabel_62df29\"\u001b[39m\n              \u001b[36m>\u001b[39m\n                \u001b[0m增值服务\u001b[0m\n              \u001b[36m</div>\u001b[39m\n            \u001b[36m</div>\u001b[39m\n            \u001b[36m<div\u001b[39m\n              \u001b[33mclass\u001b[39m=\u001b[32m\"_step_62df29  \"\u001b[39m\n            \u001b[36m>\u001b[39m\n              \u001b[36m<div\u001b[39m\n                \u001b[33mclass\u001b[39m=\u001b[32m\"_stepNo_62df29\"\u001b[39m\n              \u001b[36m>\u001b[39m\n                \u001b[0m3\u001b[0m\n              \u001b[36m</div>\u001b[39m\n              \u001b[36m<div\u001b[39m\n                \u001b[33mclass\u001b[39m=\u001b[32m\"_stepLabel_62df29\"\u001b[39m\n              \u001b[36m>\u001b[39m\n                \u001b[0m支付\u001b[0m\n              \u001b[36m</div>\u001b[39m\n            \u001b[36m</div>\u001b[39m\n            \u001b[36m<div\u001b[39m\n              \u001b[33mclass\u001b[39m=\u001b[32m\"_step_62df29  \"\u001b[39m\n            \u001b[36m>\u001b[39m\n              \u001b[36m<div\u001b[39m\n                \u001b[33mclass\u001b[39m=\u001b[32m\"_stepNo_62df29\"\u001b[39m\n              \u001b[36m>\u001b[39m\n                \u001b[0m4\u001b[0m\n              \u001b[36m</div>\u001b[39m\n              \u001b[36m<div\u001b[39m\n                \u001b[33mclass\u001b[39m=\u001b[32m\"_stepLabel_62df29\"\u001b[39m\n              \u001b[36m>\u001b[39m\n                \u001b[0m完成\u001b[0m\n              \u001b[36m</div>\u001b[39m\n            \u001b[36m</div>\u001b[39m\n          \u001b[36m</div>\u001b[39m\n          \u001b[36m<div\u001b[39m\n            \u001b[33mclass\u001b[39m=\u001b[32m\"_headerRight_62df29\"\u001b[39m\n          \u001b[36m>\u001b[39m\n            \u001b[36m<div\u001b[39m\n              \u001b[33mclass\u001b[39m=\u001b[32m\"_rightLink_62df29\"\u001b[39m\n            \u001b[36m>\u001b[39m\n              \u001b[0m尊敬的会员\u001b[0m\n            \u001b[36m</div>\u001b[39m\n            \u001b[36m<div\u001b[39m\n              \u001b[33mclass\u001b[39m=\u001b[32m\"_rightLink_62df29\"\u001b[39m\n            \u001b[36m>\u001b[39m\n              \u001b[0m客服中心\u001b[0m\n            \u001b[36m</div>\u001b[39m\n          \u001b[36m</div>\u001b[39m\n        \u001b[36m</div>\u001b[39m\n      \u001b[36m</header>\u001b[39m\n      \u001b[36m<main\u001b[39m\n        \u001b[33mclass\u001b[39m=\u001b[32m\"_content_62df29\"\u001b[39m\n      \u001b[36m>\u001b[39m\n        \u001b[36m<div\u001b[39m\n          \u001b[33mclass\u001b[39m=\u001b[32m\"_page_542eaa\"\u001b[39m\n        \u001b[36m>\u001b[39m\n          \u001b[36m<div\u001b[39m\n            \u001b[33mclass\u001b[39m=\u001b[32m\"_wrap_542eaa\"\u001b[39m\n          \u001b[36m>\u001b[39m\n            \u001b[36m<div\u001b[39m\n              \u001b[33mclass\u001b[39m=\u001b[32m\"_card_542eaa\"\u001b[39m\n            \u001b[36m>\u001b[39m\n              \u001b[36m<div\u001b[39m\n                \u001b[33mclass\u001b[39m=\u001b[32m\"_topRow_542eaa\"\u001b[39m\n              \u001b[36m>\u001b[39m\n                \u001b[36m<div\u001b[39m\n                  \u001b[33mclass\u001b[39m=\u001b[32m\"_amount_542eaa\"\u001b[39m\n                \u001b[36m>\u001b[39m\n                  \u001b[0m订单金额 \u001b[0m\n                  \u001b[36m<span\u001b[39m\n                    \u001b[33mclass\u001b[39m=\u001b[32m\"_amountNum_542eaa\"\u001b[39m\n                  \u001b[36m>\u001b[39m\n                    \u001b[0m¥528.00\u001b[0m\n                  \u001b[36m</span>\u001b[39m\n                \u001b[36m</div>\u001b[39m\n                \u001b[36m<div\u001b[39m\n                  \u001b[33mclass\u001b[39m=\u001b[32m\"_timeTip_542eaa\"\u001b[39m\n                \u001b[36m>\u001b[39m\n                  \u001b[0m剩余时间:\u001b[0m\n                  \u001b[36m<span\u001b[39m\n                    \u001b[33mclass\u001b[39m=\u001b[32m\"_timeNum_542eaa\"\u001b[39m\n                  \u001b[36m>\u001b[39m\n                    \u001b[0m00:14:47\u001b[0m\n                  \u001b[36m</span>\u001b[39m\n                  \u001b[0m，超时订单可能会被取消\u001b[0m\n                \u001b[36m</div>\u001b[39m\n              \u001b[36m</div>\u001b[39m\n              \u001b[36m<div\u001b[39m\n                \u001b[33mclass\u001b[39m=\u001b[32m\"_title_542eaa\"\u001b[39m\n              \u001b[36m>\u001b[39m\n                \u001b[0m单程机票 北京 - 上海\u001b[0m\n              \u001b[36m</div>\u001b[39m\n              \u001b[36m<div\u001b[39m\n                \u001b[33mclass\u001b[39m=\u001b[32m\"_meta_542eaa\"\u001b[39m\n              \u001b[36m>\u001b[39m\n                \u001b[0m飞机 大兴国际机场 - 浦东国际机场T1 出发时间：2025-11-25 20:50:00\u001b[0m\n              \u001b[36m</div>\u001b[39m\n              \u001b[36m<div\u001b[39m\n                \u001b[33mclass\u001b[39m=\u001b[32m\"_meta_542eaa\"\u001b[39m\n              \u001b[36m>\u001b[39m\n                \u001b[0m乘机人：刘旭航 乘机证件：身份证360924200509100812\u001b[0m\n              \u001b[36m</div>\u001b[39m\n              \u001b[36m<div\u001b[39m\n                \u001b[33mclass\u001b[39m=\u001b[32m\"_notice_542eaa\"\u001b[39m\n              \u001b[36m>\u001b[39m\n                \u001b[36m<span\u001b[39m\n                  \u001b[33maria-hidden\u001b[39m=\u001b[32m\"true\"\u001b[39m\n                  \u001b[33mclass\u001b[39m=\u001b[32m\"_noticeIcon_542eaa\"\u001b[39m\n                \u001b[36m/>\u001b[39m\n                \u001b[0m机票价格变动频繁，请在16:19前完成付款\u001b[0m\n              \u001b[36m</div>\u001b[39m\n            \u001b[36m</div>\u001b[39m\n            \u001b[36m<div\u001b[39m\n              \u001b[33mclass\u001b[39m=\u001b[32m\"_payCard_542eaa\"\u001b[39m\n            \u001b[36m>\u001b[39m\n              \u001b[36m<div\u001b[39m\n                \u001b[33mclass\u001b[39m=\u001b[32m\"_paySelectRow_542eaa\"\u001b[39m\n              \u001b[36m>\u001b[39m\n                \u001b[36m<span\u001b[39m\n                  \u001b[33maria-hidden\u001b[39m=\u001b[32m\"true\"\u001b[39m\n                  \u001b[33mclass\u001b[39m=\u001b[32m\"_radioOn_542eaa\"\u001b[39m\n                \u001b[36m/>\u001b[39m\n                \u001b[36m<span\u001b[39m\n                  \u001b[33maria-hidden\u001b[39m=\u001b[32m\"true\"\u001b[39m\n                  \u001b[33mclass\u001b[39m=\u001b[32m\"_bankIcon_542eaa\"\u001b[39m\n                \u001b[36m>\u001b[39m\n                  \u001b[36m<svg\u001b[39m\n                    \u001b[33maria-label\u001b[39m=\u001b[32m\"占位 中国银行\"\u001b[39m\n                    \u001b[33mclass\u001b[39m=\u001b[32m\"_svg_73024e\"\u001b[39m\n                    \u001b[33mrole\u001b[39m=\u001b[32m\"img\"\u001b[39m\n                    \u001b[33mstyle\u001b[39m=\u001b[32m\"width: 18px; height: 18px;\"\u001b[39m\n                    \u001b[33mviewBox\u001b[39m=\u001b[32m\"0 0 18 18\"\u001b[39m\n                    \u001b[33mxmlns\u001b[39m=\u001b[32m\"http://www.w3.org/2000/svg\"\u001b[39m\n                  \u001b[36m>\u001b[39m\n                    \u001b[36m<rect\u001b[39m\n                      \u001b[33mfill\u001b[39m=\u001b[32m\"#D9D9D9\"\u001b[39m\n                      \u001b[33mheight\u001b[39m=\u001b[32m\"100%\"\u001b[39m\n                      \u001b[33mwidth\u001b[39m=\u001b[32m\"100%\"\u001b[39m\n                      \u001b[33mx\u001b[39m=\u001b[32m\"0\"\u001b[39m\n                      \u001b[33my\u001b[39m=\u001b[32m\"0\"\u001b[39m\n                    \u001b[36m/>\u001b[39m\n                    \u001b[36m<rect\u001b[39m\n                      \u001b[33mfill\u001b[39m=\u001b[32m\"none\"\u001b[39m\n                      \u001b[33mheight\u001b[39m=\u001b[32m\"calc(100% - 1px)\"\u001b[39m\n                      \u001b[33mstroke\u001b[39m=\u001b[32m\"#B8B8B8\"\u001b[39m\n                      \u001b[33mwidth\u001b[39m=\u001b[32m\"calc(100% - 1px)\"\u001b[39m\n                      \u001b[33mx\u001b[39m=\u001b[32m\"0.5\"\u001b[39m\n                      \u001b[33my\u001b[39m=\u001b[32m\"0.5\"\u001b[39m\n                    \u001b[36m/>\u001b[39m\n                    \u001b[36m<text\u001b[39m\n                      \u001b[33mclass\u001b[39m=\u001b[32m\"_text_73024e\"\u001b[39m\n                      \u001b[33mdominant-baseline\u001b[39m=\u001b[32m\"middle\"\u001b[39m\n                      \u001b[33mtext-anchor\u001b[39m=\u001b[32m\"middle\"\u001b[39m\n                      \u001b[33mx\u001b[39m=\u001b[32m\"50%\"\u001b[39m\n                      \u001b[33my\u001b[39m=\u001b[32m\"50%\"\u001b[39m\n                    \u001b[36m>\u001b[39m\n                      \u001b[0m占位 中国银行\u001b[0m\n                    \u001b[36m</text>\u001b[39m\n                  \u001b[36m</svg>\u001b[39m\n                \u001b[36m</span>\u001b[39m\n                \u001b[36m<span\u001b[39m\n                  \u001b[33mclass\u001b[39m=\u001b[32m\"_bankName_542eaa\"\u001b[39m\n                \u001b[36m>\u001b[39m\n                  \u001b[0m中国银行储蓄卡(9532)\u001b[0m\n                \u001b[36m</span>\u001b[39m\n              \u001b[36m</div>\u001b[39m\n              \u001b[36m<div\u001b[39m\n                \u001b[33mclass\u001b[39m=\u001b[32m\"_payOtherRow_542eaa\"\u001b[39m\n              \u001b[36m>\u001b[39m\n                \u001b[36m<span\u001b[39m\n                  \u001b[33maria-hidden\u001b[39m=\u001b[32m\"true\"\u001b[39m\n                  \u001b[33mclass\u001b[39m=\u001b[32m\"_radioOff_542eaa\"\u001b[39m\n                \u001b[36m/>\u001b[39m\n                \u001b[0m使用新卡支付\u001b[0m\n              \u001b[36m</div>\u001b[39m\n              \u001b[36m<a\u001b[39m\n                \u001b[33mclass\u001b[39m=\u001b[32m\"_payBtn_542eaa\"\u001b[39m\n                \u001b[33mhref\u001b[39m=\u001b[32m\"#/buy-ticket/step4\"\u001b[39m\n              \u001b[36m>\u001b[39m\n                \u001b[0m银行卡支付 ¥528.00\u001b[0m\n              \u001b[36m</a>\u001b[39m\n            \u001b[36m</div>\u001b[39m\n            \u001b[36m<div\u001b[39m\n              \u001b[33mclass\u001b[39m=\u001b[32m\"_aliCard_542eaa\"\u001b[39m\n            \u001b[36m>\u001b[39m\n              \u001b[36m<div\u001b[39m\n                \u001b[33mclass\u001b[39m=\u001b[32m\"_aliLeft_542eaa\"\u001b[39m\n              \u001b[36m>\u001b[39m\n                \u001b[36m<span\u001b[39m\n                  \u001b[33maria-hidden\u001b[39m=\u001b[32m\"true\"\u001b[39m\n                  \u001b[33mclass\u001b[39m=\u001b[32m\"_aliIcon_542eaa\"\u001b[39m\n                \u001b[36m>\u001b[39m\n                  \u001b[36m<svg\u001b[39m\n                    \u001b[33maria-label\u001b[39m=\u001b[32m\"占位 支付宝\"\u001b[39m\n                    \u001b[33mclass\u001b[39m=\u001b[32m\"_svg_73024e\"\u001b[39m\n                    \u001b[33mrole\u001b[39m=\u001b[32m\"img\"\u001b[39m\n                    \u001b[33mstyle\u001b[39m=\u001b[32m\"width: 16px; height: 16px;\"\u001b[39m\n                    \u001b[33mviewBox\u001b[39m=\u001b[32m\"0 0 16 16\"\u001b[39m\n                    \u001b[33mxmlns\u001b[39m=\u001b[32m\"http://www.w3.org/2000/svg\"\u001b[39m\n                  \u001b[36m>\u001b[39m\n                    \u001b[36m<rect\u001b[39m\n                      \u001b[33mfill\u001b[39m=\u001b[32m\"#D9D9D9\"\u001b[39m\n                      \u001b[33mheight\u001b[39m=\u001b[32m\"100%\"\u001b[39m\n                      \u001b[33mwidth\u001b[39m=\u001b[32m\"100%\"\u001b[39m\n                      \u001b[33mx\u001b[39m=\u001b[32m\"0\"\u001b[39m\n                      \u001b[33my\u001b[39m=\u001b[32m\"0\"\u001b[39m\n                    \u001b[36m/>\u001b[39m\n                    \u001b[36m<rect\u001b[39m\n                      \u001b[33mfill\u001b[39m=\u001b[32m\"none\"\u001b[39m\n                      \u001b[33mheight\u001b[39m=\u001b[32m\"calc(100% - 1px)\"\u001b[39m\n                      \u001b[33mstroke\u001b[39m=\u001b[32m\"#B8B8B8\"\u001b[39m\n                      \u001b[33mwidth\u001b[39m=\u001b[32m\"calc(100% - 1px)\"\u001b[39m\n                      \u001b[33mx\u001b[39m=\u001b[32m\"0.5\"\u001b[39m\n                      \u001b[33my\u001b[39m=\u001b[32m\"0.5\"\u001b[39m\n                    \u001b[36m/>\u001b[39m\n                    \u001b[36m<text\u001b[39m\n                      \u001b[33mclass\u001b[39m=\u001b[32m\"_text_73024e\"\u001b[39m\n                      \u001b[33mdominant-baseline\u001b[39m=\u001b[32m\"middle\"\u001b[39m\n                      \u001b[33mtext-anchor\u001b[39m=\u001b[32m\"middle\"\u001b[39m\n                      \u001b[33mx\u001b[39m=\u001b[32m\"50%\"\u001b[39m\n                      \u001b[33my\u001b[39m=\u001b[32m\"50%\"\u001b[39m\n                    \u001b[36m>\u001b[39m\n                      \u001b[0m占位 支付宝\u001b[0m\n                    \u001b[36m</text>\u001b[39m\n                  \u001b[36m</svg>\u001b[39m\n                \u001b[36m</span>\u001b[39m\n                \u001b[0m支付宝\u001b[0m\n              \u001b[36m</div>\u001b[39m\n              \u001b[36m<div\u001b[39m\n                \u001b[33mclass\u001b[39m=\u001b[32m\"_aliRight_542eaa\"\u001b[39m\n              \u001b[36m>\u001b[39m\n                \u001b[0m更多付款方式 \u001b[0m\n                \u001b[36m<span\u001b[39m\n                  \u001b[33maria-hidden\u001b[39m=\u001b[32m\"true\"\u001b[39m\n                  \u001b[33mclass\u001b[39m=\u001b[32m\"_arrow_542eaa\"\u001b[39m\n                \u001b[36m/>\u001b[39m\n              \u001b[36m</div>\u001b[39m\n            \u001b[36m</div>\u001b[39m\n            \u001b[36m<div\u001b[39m\n              \u001b[33mclass\u001b[39m=\u001b[32m\"_footerBadges_542eaa\"\u001b[39m\n            \u001b[36m>\u001b[39m\n              \u001b[36m<div\u001b[39m\n                \u001b[33mclass\u001b[39m=\u001b[32m\"_badge_542eaa\"\u001b[39m\n              \u001b[36m>\u001b[39m\n                \u001b[36m<svg\u001b[39m\n                  \u001b[33maria-label\u001b[39m=\u001b[32m\"占位 支付盾牌\"\u001b[39m\n                  \u001b[33mclass\u001b[39m=\u001b[32m\"_svg_73024e\"\u001b[39m\n                  \u001b[33mrole\u001b[39m=\u001b[32m\"img\"\u001b[39m\n                  \u001b[33mstyle\u001b[39m=\u001b[32m\"width: 22px; height: 22px;\"\u001b[39m\n                  \u001b[33mviewBox\u001b[39m=\u001b[32m\"0 0 22 22\"\u001b[39m\n                  \u001b[33mxmlns\u001b[39m=\u001b[32m\"http://www.w3.org/2000/svg\"\u001b[39m\n                \u001b[36m>\u001b[39m\n                  \u001b[36m<rect\u001b[39m\n                    \u001b[33mfill\u001b[39m=\u001b[32m\"#D9D9D9\"\u001b[39m\n                    \u001b[33mheight\u001b[39m=\u001b[32m\"100%\"\u001b[39m\n                    \u001b[33mwidth\u001b[39m=\u001b[32m\"100%\"\u001b[39m\n                    \u001b[33mx\u001b[39m=\u001b[32m\"0\"\u001b[39m\n                    \u001b[33my\u001b[39m=\u001b[32m\"0\"\u001b[39m\n                  \u001b[36m/>\u001b[39m\n                  \u001b[36m<rect\u001b[39m\n                    \u001b[33mfill\u001b[39m=\u001b[32m\"none\"\u001b[39m\n                    \u001b[33mheight\u001b[39m=\u001b[32m\"calc(100% - 1px)\"\u001b[39m\n                    \u001b[33mstroke\u001b[39m=\u001b[32m\"#B8B8B8\"\u001b[39m\n                    \u001b[33mwidth\u001b[39m=\u001b[32m\"calc(100% - 1px)\"\u001b[39m\n                    \u001b[33mx\u001b[39m=\u001b[32m\"0.5\"\u001b[39m\n                    \u001b[33my\u001b[39m=\u001b[32m\"0.5\"\u001b[39m\n                  \u001b[36m/>\u001b[39m\n                  \u001b[36m<text\u001b[39m\n                    \u001b[33mclass\u001b[39m=\u001b[32m\"_text_73024e\"\u001b[39m\n                    \u001b[33mdominant-baseline\u001b[39m=\u001b[32m\"middle\"\u001b[39m\n                    \u001b[33mtext-anchor\u001b[39m=\u001b[32m\"middle\"\u001b[39m\n                    \u001b[33mx\u001b[39m=\u001b[32m\"50%\"\u001b[39m\n                    \u001b[33my\u001b[39m=\u001b[32m\"50%\"\u001b[39m\n                  \u001b[36m>\u001b[39m\n                    \u001b[0m占位 支付盾牌\u001b[0m\n                  \u001b[36m</text>\u001b[39m\n                \u001b[36m</svg>\u001b[39m\n                \u001b[36m<div\u001b[39m\n                  \u001b[33mclass\u001b[39m=\u001b[32m\"_badgeText_542eaa\"\u001b[39m\n                \u001b[36m>\u001b[39m\n                  \u001b[0m携程支付安全保障\u001b[0m\n                \u001b[36m</div>\u001b[39m\n              \u001b[36m</div>\u001b[39m\n              \u001b[36m<div\u001b[39m\n                \u001b[33mclass\u001b[39m=\u001b[32m\"_badge_542eaa\"\u001b[39m\n              \u001b[36m>\u001b[39m\n                \u001b[36m<svg\u001b[39m\n                  \u001b[33maria-label\u001b[39m=\u001b[32m\"占位 PCI\"\u001b[39m\n                  \u001b[33mclass\u001b[39m=\u001b[32m\"_svg_73024e\"\u001b[39m\n                  \u001b[33mrole\u001b[39m=\u001b[32m\"img\"\u001b[39m\n                  \u001b[33mstyle\u001b[39m=\u001b[32m\"width: 28px; height: 18px;\"\u001b[39m\n                  \u001b[33mviewBox\u001b[39m=\u001b[32m\"0 0 28 18\"\u001b[39m\n                  \u001b[33mxmlns\u001b[39m=\u001b[32m\"http://www.w3.org/2000/svg\"\u001b[39m\n                \u001b[36m>\u001b[39m\n                  \u001b[36m<rect\u001b[39m\n                    \u001b[33mfill\u001b[39m=\u001b[32m\"#D9D9D9\"\u001b[39m\n                    \u001b[33mheight\u001b[39m=\u001b[32m\"100%\"\u001b[39m\n                    \u001b[33mwidth\u001b[39m=\u001b[32m\"100%\"\u001b[39m\n                    \u001b[33mx\u001b[39m=\u001b[32m\"0\"\u001b[39m\n                    \u001b[33my\u001b[39m=\u001b[32m\"0\"\u001b[39m\n                  \u001b[36m/>\u001b[39m\n                  \u001b[36m<rect\u001b[39m\n                    \u001b[33mfill\u001b[39m=\u001b[32m\"none\"\u001b[39m\n                    \u001b[33mheight\u001b[39m=\u001b[32m\"calc(100% - 1px)\"\u001b[39m\n                    \u001b[33mstroke\u001b[39m=\u001b[32m\"#B8B8B8\"\u001b[39m\n                    \u001b[33mwidth\u001b[39m=\u001b[32m\"calc(100% - 1px)\"\u001b[39m\n                    \u001b[33mx\u001b[39m=\u001b[32m\"0.5\"\u001b[39m\n                    \u001b[33my\u001b[39m=\u001b[32m\"0.5\"\u001b[39m\n                  \u001b[36m/>\u001b[39m\n                  \u001b[36m<text\u001b[39m\n                    \u001b[33mclass\u001b[39m=\u001b[32m\"_text_73024e\"\u001b[39m\n                    \u001b[33mdominant-baseline\u001b[39m=\u001b[32m\"middle\"\u001b[39m\n                    \u001b[33mtext-anchor\u001b[39m=\u001b[32m\"middle\"\u001b[39m\n                    \u001b[33mx\u001b[39m=\u001b[32m\"50%\"\u001b[39m\n                    \u001b[33my\u001b[39m=\u001b[32m\"50%\"\u001b[39m\n                  \u001b[36m>\u001b[39m\n                    \u001b[0m占位 PCI\u001b[0m\n                  \u001b[36m</text>\u001b[39m\n                \u001b[36m</svg>\u001b[39m\n                \u001b[36m<div\u001b[39m\n                  \u001b[33mclass\u001b[39m=\u001b[32m\"_badgeText_542eaa\"\u001b[39m\n                \u001b[36m>\u001b[39m\n                  \u001b[0m通过PCI DSS认证\u001b[0m\n                \u001b[36m</div>\u001b[39m\n              \u001b[36m</div>\u001b[39m\n            \u001b[36m</div>\u001b[39m\n          \u001b[36m</div>\u001b[39m\n        \u001b[36m</div>\u001b[39m\n      \u001b[36m</main>\u001b[39m\n    \u001b[36m</div>\u001b[39m\n  \u001b[36m</div>\u001b[39m\n\u001b[36m</body>\u001b[39m\n    at Object.getElementError (D:\\各种任务\\软件工程与项目管理\\My_Evoflow\\frontend\\node_modules\\@testing-library\\dom\\dist\\config.js:37:19)\n    at getElementError (D:\\各种任务\\软件工程与项目管理\\My_Evoflow\\frontend\\node_modules\\@testing-library\\dom\\dist\\query-helpers.js:20:35)\n    at getMultipleElementsFoundError (D:\\各种任务\\软件工程与项目管理\\My_Evoflow\\frontend\\node_modules\\@testing-library\\dom\\dist\\query-helpers.js:23:10)\n    at D:\\各种任务\\软件工程与项目管理\\My_Evoflow\\frontend\\node_modules\\@testing-library\\dom\\dist\\query-helpers.js:55:13\n    at D:\\各种任务\\软件工程与项目管理\\My_Evoflow\\frontend\\node_modules\\@testing-library\\dom\\dist\\query-helpers.js:95:19\n    at D:\\各种任务\\软件工程与项目管理\\My_Evoflow\\frontend\\test\\pages\\BuyTicketStep3.test.jsx:45:29\n    at file:///D:/%E5%90%84%E7%A7%8D%E4%BB%BB%E5%8A%A1/%E8%BD%AF%E4%BB%B6%E5%B7%A5%E7%A8%8B%E4%B8%8E%E9%A1%B9%E7%9B%AE%E7%AE%A1%E7%90%86/My_Evoflow/frontend/node_modules/@vitest/runner/dist/index.js:533:5\n    at runTest (file:///D:/%E5%90%84%E7%A7%8D%E4%BB%BB%E5%8A%A1/%E8%BD%AF%E4%BB%B6%E5%B7%A5%E7%A8%8B%E4%B8%8E%E9%A1%B9%E7%9B%AE%E7%AE%A1%E7%90%86/My_Evoflow/frontend/node_modules/@vitest/runner/dist/index.js:1056:11)\n    at runSuite (file:///D:/%E5%90%84%E7%A7%8D%E4%BB%BB%E5%8A%A1/%E8%BD%AF%E4%BB%B6%E5%B7%A5%E7%A8%8B%E4%B8%8E%E9%A1%B9%E7%9B%AE%E7%AE%A1%E7%90%86/My_Evoflow/frontend/node_modules/@vitest/runner/dist/index.js:1205:15)\n    at runSuite (file:///D:/%E5%90%84%E7%A7%8D%E4%BB%BB%E5%8A%A1/%E8%BD%AF%E4%BB%B6%E5%B7%A5%E7%A8%8B%E4%B8%8E%E9%A1%B9%E7%9B%AE%E7%AE%A1%E7%90%86/My_Evoflow/frontend/node_modules/@vitest/runner/dist/index.js:1205:15)"],"meta":{}},{"ancestorTitles":["BuyTicketStep3 Scenarios"],"fullName":"BuyTicketStep3 Scenarios 4.1 状态异常（倒计时到期）：提示超出时间并提供返回首页入口","status":"failed","title":"4.1 状态异常（倒计时到期）：提示超出时间并提供返回首页入口","duration":9.618599999999788,"failureMessages":["TestingLibraryElementError: Unable to find an element with the text: 超出时间，请重新开始订单. This could be because the text is broken up by multiple elements. In this case, you can provide a function for your text matcher to make your matcher more flexible.\n\nIgnored nodes: comments, script, style\n\u001b[36m<body>\u001b[39m\n  \u001b[36m<div>\u001b[39m\n    \u001b[36m<div\u001b[39m\n      \u001b[33mclass\u001b[39m=\u001b[32m\"_page_62df29\"\u001b[39m\n    \u001b[36m>\u001b[39m\n      \u001b[36m<header\u001b[39m\n        \u001b[33mclass\u001b[39m=\u001b[32m\"_header_62df29\"\u001b[39m\n      \u001b[36m>\u001b[39m\n        \u001b[36m<div\u001b[39m\n          \u001b[33mclass\u001b[39m=\u001b[32m\"_headerInner_62df29\"\u001b[39m\n        \u001b[36m>\u001b[39m\n          \u001b[36m<div\u001b[39m\n            \u001b[33mclass\u001b[39m=\u001b[32m\"_brand_62df29\"\u001b[39m\n          \u001b[36m>\u001b[39m\n            \u001b[36m<svg\u001b[39m\n              \u001b[33maria-label\u001b[39m=\u001b[32m\"占位 Logo\"\u001b[39m\n              \u001b[33mclass\u001b[39m=\u001b[32m\"_svg_73024e\"\u001b[39m\n              \u001b[33mrole\u001b[39m=\u001b[32m\"img\"\u001b[39m\n              \u001b[33mstyle\u001b[39m=\u001b[32m\"width: 22px; height: 22px;\"\u001b[39m\n              \u001b[33mviewBox\u001b[39m=\u001b[32m\"0 0 22 22\"\u001b[39m\n              \u001b[33mxmlns\u001b[39m=\u001b[32m\"http://www.w3.org/2000/svg\"\u001b[39m\n            \u001b[36m>\u001b[39m\n              \u001b[36m<rect\u001b[39m\n                \u001b[33mfill\u001b[39m=\u001b[32m\"#D9D9D9\"\u001b[39m\n                \u001b[33mheight\u001b[39m=\u001b[32m\"100%\"\u001b[39m\n                \u001b[33mwidth\u001b[39m=\u001b[32m\"100%\"\u001b[39m\n                \u001b[33mx\u001b[39m=\u001b[32m\"0\"\u001b[39m\n                \u001b[33my\u001b[39m=\u001b[32m\"0\"\u001b[39m\n              \u001b[36m/>\u001b[39m\n              \u001b[36m<rect\u001b[39m\n                \u001b[33mfill\u001b[39m=\u001b[32m\"none\"\u001b[39m\n                \u001b[33mheight\u001b[39m=\u001b[32m\"calc(100% - 1px)\"\u001b[39m\n                \u001b[33mstroke\u001b[39m=\u001b[32m\"#B8B8B8\"\u001b[39m\n                \u001b[33mwidth\u001b[39m=\u001b[32m\"calc(100% - 1px)\"\u001b[39m\n                \u001b[33mx\u001b[39m=\u001b[32m\"0.5\"\u001b[39m\n                \u001b[33my\u001b[39m=\u001b[32m\"0.5\"\u001b[39m\n              \u001b[36m/>\u001b[39m\n              \u001b[36m<text\u001b[39m\n                \u001b[33mclass\u001b[39m=\u001b[32m\"_text_73024e\"\u001b[39m\n                \u001b[33mdominant-baseline\u001b[39m=\u001b[32m\"middle\"\u001b[39m\n                \u001b[33mtext-anchor\u001b[39m=\u001b[32m\"middle\"\u001b[39m\n                \u001b[33mx\u001b[39m=\u001b[32m\"50%\"\u001b[39m\n                \u001b[33my\u001b[39m=\u001b[32m\"50%\"\u001b[39m\n              \u001b[36m>\u001b[39m\n                \u001b[0m占位 Logo\u001b[0m\n              \u001b[36m</text>\u001b[39m\n            \u001b[36m</svg>\u001b[39m\n            \u001b[36m<div\u001b[39m\n              \u001b[33mclass\u001b[39m=\u001b[32m\"_brandText_62df29\"\u001b[39m\n            \u001b[36m>\u001b[39m\n              \u001b[0m携程旅行\u001b[0m\n            \u001b[36m</div>\u001b[39m\n          \u001b[36m</div>\u001b[39m\n          \u001b[36m<div\u001b[39m\n            \u001b[33mclass\u001b[39m=\u001b[32m\"_steps_62df29\"\u001b[39m\n          \u001b[36m>\u001b[39m\n            \u001b[36m<div\u001b[39m\n              \u001b[33mclass\u001b[39m=\u001b[32m\"_step_62df29  _stepActive_62df29\"\u001b[39m\n            \u001b[36m>\u001b[39m\n              \u001b[36m<div\u001b[39m\n                \u001b[33mclass\u001b[39m=\u001b[32m\"_stepNo_62df29\"\u001b[39m\n              \u001b[36m>\u001b[39m\n                \u001b[0m1\u001b[0m\n              \u001b[36m</div>\u001b[39m\n              \u001b[36m<div\u001b[39m\n                \u001b[33mclass\u001b[39m=\u001b[32m\"_stepLabel_62df29\"\u001b[39m\n              \u001b[36m>\u001b[39m\n                \u001b[0m乘机信息\u001b[0m\n              \u001b[36m</div>\u001b[39m\n            \u001b[36m</div>\u001b[39m\n            \u001b[36m<div\u001b[39m\n              \u001b[33mclass\u001b[39m=\u001b[32m\"_step_62df29  \"\u001b[39m\n            \u001b[36m>\u001b[39m\n              \u001b[36m<div\u001b[39m\n                \u001b[33mclass\u001b[39m=\u001b[32m\"_stepNo_62df29\"\u001b[39m\n              \u001b[36m>\u001b[39m\n                \u001b[0m2\u001b[0m\n              \u001b[36m</div>\u001b[39m\n              \u001b[36m<div\u001b[39m\n                \u001b[33mclass\u001b[39m=\u001b[32m\"_stepLabel_62df29\"\u001b[39m\n              \u001b[36m>\u001b[39m\n                \u001b[0m增值服务\u001b[0m\n              \u001b[36m</div>\u001b[39m\n            \u001b[36m</div>\u001b[39m\n            \u001b[36m<div\u001b[39m\n              \u001b[33mclass\u001b[39m=\u001b[32m\"_step_62df29  \"\u001b[39m\n            \u001b[36m>\u001b[39m\n              \u001b[36m<div\u001b[39m\n                \u001b[33mclass\u001b[39m=\u001b[32m\"_stepNo_62df29\"\u001b[39m\n              \u001b[36m>\u001b[39m\n                \u001b[0m3\u001b[0m\n              \u001b[36m</div>\u001b[39m\n              \u001b[36m<div\u001b[39m\n                \u001b[33mclass\u001b[39m=\u001b[32m\"_stepLabel_62df29\"\u001b[39m\n              \u001b[36m>\u001b[39m\n                \u001b[0m支付\u001b[0m\n              \u001b[36m</div>\u001b[39m\n            \u001b[36m</div>\u001b[39m\n            \u001b[36m<div\u001b[39m\n              \u001b[33mclass\u001b[39m=\u001b[32m\"_step_62df29  \"\u001b[39m\n            \u001b[36m>\u001b[39m\n              \u001b[36m<div\u001b[39m\n                \u001b[33mclass\u001b[39m=\u001b[32m\"_stepNo_62df29\"\u001b[39m\n              \u001b[36m>\u001b[39m\n                \u001b[0m4\u001b[0m\n              \u001b[36m</div>\u001b[39m\n              \u001b[36m<div\u001b[39m\n                \u001b[33mclass\u001b[39m=\u001b[32m\"_stepLabel_62df29\"\u001b[39m\n              \u001b[36m>\u001b[39m\n                \u001b[0m完成\u001b[0m\n              \u001b[36m</div>\u001b[39m\n            \u001b[36m</div>\u001b[39m\n          \u001b[36m</div>\u001b[39m\n          \u001b[36m<div\u001b[39m\n            \u001b[33mclass\u001b[39m=\u001b[32m\"_headerRight_62df29\"\u001b[39m\n          \u001b[36m>\u001b[39m\n            \u001b[36m<div\u001b[39m\n              \u001b[33mclass\u001b[39m=\u001b[32m\"_rightLink_62df29\"\u001b[39m\n            \u001b[36m>\u001b[39m\n              \u001b[0m尊敬的会员\u001b[0m\n            \u001b[36m</div>\u001b[39m\n            \u001b[36m<div\u001b[39m\n              \u001b[33mclass\u001b[39m=\u001b[32m\"_rightLink_62df29\"\u001b[39m\n            \u001b[36m>\u001b[39m\n              \u001b[0m客服中心\u001b[0m\n            \u001b[36m</div>\u001b[39m\n          \u001b[36m</div>\u001b[39m\n        \u001b[36m</div>\u001b[39m\n      \u001b[36m</header>\u001b[39m\n      \u001b[36m<main\u001b[39m\n        \u001b[33mclass\u001b[39m=\u001b[32m\"_content_62df29\"\u001b[39m\n      \u001b[36m>\u001b[39m\n        \u001b[36m<div\u001b[39m\n          \u001b[33mclass\u001b[39m=\u001b[32m\"_page_542eaa\"\u001b[39m\n        \u001b[36m>\u001b[39m\n          \u001b[36m<div\u001b[39m\n            \u001b[33mclass\u001b[39m=\u001b[32m\"_wrap_542eaa\"\u001b[39m\n          \u001b[36m>\u001b[39m\n            \u001b[36m<div\u001b[39m\n              \u001b[33mclass\u001b[39m=\u001b[32m\"_card_542eaa\"\u001b[39m\n            \u001b[36m>\u001b[39m\n              \u001b[36m<div\u001b[39m\n                \u001b[33mclass\u001b[39m=\u001b[32m\"_topRow_542eaa\"\u001b[39m\n              \u001b[36m>\u001b[39m\n                \u001b[36m<div\u001b[39m\n                  \u001b[33mclass\u001b[39m=\u001b[32m\"_amount_542eaa\"\u001b[39m\n                \u001b[36m>\u001b[39m\n                  \u001b[0m订单金额 \u001b[0m\n                  \u001b[36m<span\u001b[39m\n                    \u001b[33mclass\u001b[39m=\u001b[32m\"_amountNum_542eaa\"\u001b[39m\n                  \u001b[36m>\u001b[39m\n                    \u001b[0m¥528.00\u001b[0m\n                  \u001b[36m</span>\u001b[39m\n                \u001b[36m</div>\u001b[39m\n                \u001b[36m<div\u001b[39m\n                  \u001b[33mclass\u001b[39m=\u001b[32m\"_timeTip_542eaa\"\u001b[39m\n                \u001b[36m>\u001b[39m\n                  \u001b[0m剩余时间:\u001b[0m\n                  \u001b[36m<span\u001b[39m\n                    \u001b[33mclass\u001b[39m=\u001b[32m\"_timeNum_542eaa\"\u001b[39m\n                  \u001b[36m>\u001b[39m\n                    \u001b[0m00:14:47\u001b[0m\n                  \u001b[36m</span>\u001b[39m\n                  \u001b[0m，超时订单可能会被取消\u001b[0m\n                \u001b[36m</div>\u001b[39m\n              \u001b[36m</div>\u001b[39m\n              \u001b[36m<div\u001b[39m\n                \u001b[33mclass\u001b[39m=\u001b[32m\"_title_542eaa\"\u001b[39m\n              \u001b[36m>\u001b[39m\n                \u001b[0m单程机票 北京 - 上海\u001b[0m\n              \u001b[36m</div>\u001b[39m\n              \u001b[36m<div\u001b[39m\n                \u001b[33mclass\u001b[39m=\u001b[32m\"_meta_542eaa\"\u001b[39m\n              \u001b[36m>\u001b[39m\n                \u001b[0m飞机 大兴国际机场 - 浦东国际机场T1 出发时间：2025-11-25 20:50:00\u001b[0m\n              \u001b[36m</div>\u001b[39m\n              \u001b[36m<div\u001b[39m\n                \u001b[33mclass\u001b[39m=\u001b[32m\"_meta_542eaa\"\u001b[39m\n              \u001b[36m>\u001b[39m\n                \u001b[0m乘机人：刘旭航 乘机证件：身份证360924200509100812\u001b[0m\n              \u001b[36m</div>\u001b[39m\n              \u001b[36m<div\u001b[39m\n                \u001b[33mclass\u001b[39m=\u001b[32m\"_notice_542eaa\"\u001b[39m\n              \u001b[36m>\u001b[39m\n                \u001b[36m<span\u001b[39m\n                  \u001b[33maria-hidden\u001b[39m=\u001b[32m\"true\"\u001b[39m\n                  \u001b[33mclass\u001b[39m=\u001b[32m\"_noticeIcon_542eaa\"\u001b[39m\n                \u001b[36m/>\u001b[39m\n                \u001b[0m机票价格变动频繁，请在16:19前完成付款\u001b[0m\n              \u001b[36m</div>\u001b[39m\n            \u001b[36m</div>\u001b[39m\n            \u001b[36m<div\u001b[39m\n              \u001b[33mclass\u001b[39m=\u001b[32m\"_payCard_542eaa\"\u001b[39m\n            \u001b[36m>\u001b[39m\n              \u001b[36m<div\u001b[39m\n                \u001b[33mclass\u001b[39m=\u001b[32m\"_paySelectRow_542eaa\"\u001b[39m\n              \u001b[36m>\u001b[39m\n                \u001b[36m<span\u001b[39m\n                  \u001b[33maria-hidden\u001b[39m=\u001b[32m\"true\"\u001b[39m\n                  \u001b[33mclass\u001b[39m=\u001b[32m\"_radioOn_542eaa\"\u001b[39m\n                \u001b[36m/>\u001b[39m\n                \u001b[36m<span\u001b[39m\n                  \u001b[33maria-hidden\u001b[39m=\u001b[32m\"true\"\u001b[39m\n                  \u001b[33mclass\u001b[39m=\u001b[32m\"_bankIcon_542eaa\"\u001b[39m\n                \u001b[36m>\u001b[39m\n                  \u001b[36m<svg\u001b[39m\n                    \u001b[33maria-label\u001b[39m=\u001b[32m\"占位 中国银行\"\u001b[39m\n                    \u001b[33mclass\u001b[39m=\u001b[32m\"_svg_73024e\"\u001b[39m\n                    \u001b[33mrole\u001b[39m=\u001b[32m\"img\"\u001b[39m\n                    \u001b[33mstyle\u001b[39m=\u001b[32m\"width: 18px; height: 18px;\"\u001b[39m\n                    \u001b[33mviewBox\u001b[39m=\u001b[32m\"0 0 18 18\"\u001b[39m\n                    \u001b[33mxmlns\u001b[39m=\u001b[32m\"http://www.w3.org/2000/svg\"\u001b[39m\n                  \u001b[36m>\u001b[39m\n                    \u001b[36m<rect\u001b[39m\n                      \u001b[33mfill\u001b[39m=\u001b[32m\"#D9D9D9\"\u001b[39m\n                      \u001b[33mheight\u001b[39m=\u001b[32m\"100%\"\u001b[39m\n                      \u001b[33mwidth\u001b[39m=\u001b[32m\"100%\"\u001b[39m\n                      \u001b[33mx\u001b[39m=\u001b[32m\"0\"\u001b[39m\n                      \u001b[33my\u001b[39m=\u001b[32m\"0\"\u001b[39m\n                    \u001b[36m/>\u001b[39m\n                    \u001b[36m<rect\u001b[39m\n                      \u001b[33mfill\u001b[39m=\u001b[32m\"none\"\u001b[39m\n                      \u001b[33mheight\u001b[39m=\u001b[32m\"calc(100% - 1px)\"\u001b[39m\n                      \u001b[33mstroke\u001b[39m=\u001b[32m\"#B8B8B8\"\u001b[39m\n                      \u001b[33mwidth\u001b[39m=\u001b[32m\"calc(100% - 1px)\"\u001b[39m\n                      \u001b[33mx\u001b[39m=\u001b[32m\"0.5\"\u001b[39m\n                      \u001b[33my\u001b[39m=\u001b[32m\"0.5\"\u001b[39m\n                    \u001b[36m/>\u001b[39m\n                    \u001b[36m<text\u001b[39m\n                      \u001b[33mclass\u001b[39m=\u001b[32m\"_text_73024e\"\u001b[39m\n                      \u001b[33mdominant-baseline\u001b[39m=\u001b[32m\"middle\"\u001b[39m\n                      \u001b[33mtext-anchor\u001b[39m=\u001b[32m\"middle\"\u001b[39m\n                      \u001b[33mx\u001b[39m=\u001b[32m\"50%\"\u001b[39m\n                      \u001b[33my\u001b[39m=\u001b[32m\"50%\"\u001b[39m\n                    \u001b[36m>\u001b[39m\n                      \u001b[0m占位 中国银行\u001b[0m\n                    \u001b[36m</text>\u001b[39m\n                  \u001b[36m</svg>\u001b[39m\n                \u001b[36m</span>\u001b[39m\n                \u001b[36m<span\u001b[39m\n                  \u001b[33mclass\u001b[39m=\u001b[32m\"_bankName_542eaa\"\u001b[39m\n                \u001b[36m>\u001b[39m\n                  \u001b[0m中国银行储蓄卡(9532)\u001b[0m\n                \u001b[36m</span>\u001b[39m\n              \u001b[36m</div>\u001b[39m\n              \u001b[36m<div\u001b[39m\n                \u001b[33mclass\u001b[39m=\u001b[32m\"_payOtherRow_542eaa\"\u001b[39m\n              \u001b[36m>\u001b[39m\n                \u001b[36m<span\u001b[39m\n                  \u001b[33maria-hidden\u001b[39m=\u001b[32m\"true\"\u001b[39m\n                  \u001b[33mclass\u001b[39m=\u001b[32m\"_radioOff_542eaa\"\u001b[39m\n                \u001b[36m/>\u001b[39m\n                \u001b[0m使用新卡支付\u001b[0m\n              \u001b[36m</div>\u001b[39m\n              \u001b[36m<a\u001b[39m\n                \u001b[33mclass\u001b[39m=\u001b[32m\"_payBtn_542eaa\"\u001b[39m\n                \u001b[33mhref\u001b[39m=\u001b[32m\"#/buy-ticket/step4\"\u001b[39m\n              \u001b[36m>\u001b[39m\n                \u001b[0m银行卡支付 ¥528.00\u001b[0m\n              \u001b[36m</a>\u001b[39m\n            \u001b[36m</div>\u001b[39m\n            \u001b[36m<div\u001b[39m\n              \u001b[33mclass\u001b[39m=\u001b[32m\"_aliCard_542eaa\"\u001b[39m\n            \u001b[36m>\u001b[39m\n              \u001b[36m<div\u001b[39m\n                \u001b[33mclass\u001b[39m=\u001b[32m\"_aliLeft_542eaa\"\u001b[39m\n              \u001b[36m>\u001b[39m\n                \u001b[36m<span\u001b[39m\n                  \u001b[33maria-hidden\u001b[39m=\u001b[32m\"true\"\u001b[39m\n                  \u001b[33mclass\u001b[39m=\u001b[32m\"_aliIcon_542eaa\"\u001b[39m\n                \u001b[36m>\u001b[39m\n                  \u001b[36m<svg\u001b[39m\n                    \u001b[33maria-label\u001b[39m=\u001b[32m\"占位 支付宝\"\u001b[39m\n                    \u001b[33mclass\u001b[39m=\u001b[32m\"_svg_73024e\"\u001b[39m\n                    \u001b[33mrole\u001b[39m=\u001b[32m\"img\"\u001b[39m\n                    \u001b[33mstyle\u001b[39m=\u001b[32m\"width: 16px; height: 16px;\"\u001b[39m\n                    \u001b[33mviewBox\u001b[39m=\u001b[32m\"0 0 16 16\"\u001b[39m\n                    \u001b[33mxmlns\u001b[39m=\u001b[32m\"http://www.w3.org/2000/svg\"\u001b[39m\n                  \u001b[36m>\u001b[39m\n                    \u001b[36m<rect\u001b[39m\n                      \u001b[33mfill\u001b[39m=\u001b[32m\"#D9D9D9\"\u001b[39m\n                      \u001b[33mheight\u001b[39m=\u001b[32m\"100%\"\u001b[39m\n                      \u001b[33mwidth\u001b[39m=\u001b[32m\"100%\"\u001b[39m\n                      \u001b[33mx\u001b[39m=\u001b[32m\"0\"\u001b[39m\n                      \u001b[33my\u001b[39m=\u001b[32m\"0\"\u001b[39m\n                    \u001b[36m/>\u001b[39m\n                    \u001b[36m<rect\u001b[39m\n                      \u001b[33mfill\u001b[39m=\u001b[32m\"none\"\u001b[39m\n                      \u001b[33mheight\u001b[39m=\u001b[32m\"calc(100% - 1px)\"\u001b[39m\n                      \u001b[33mstroke\u001b[39m=\u001b[32m\"#B8B8B8\"\u001b[39m\n                      \u001b[33mwidth\u001b[39m=\u001b[32m\"calc(100% - 1px)\"\u001b[39m\n                      \u001b[33mx\u001b[39m=\u001b[32m\"0.5\"\u001b[39m\n                      \u001b[33my\u001b[39m=\u001b[32m\"0.5\"\u001b[39m\n                    \u001b[36m/>\u001b[39m\n                    \u001b[36m<text\u001b[39m\n                      \u001b[33mclass\u001b[39m=\u001b[32m\"_text_73024e\"\u001b[39m\n                      \u001b[33mdominant-baseline\u001b[39m=\u001b[32m\"middle\"\u001b[39m\n                      \u001b[33mtext-anchor\u001b[39m=\u001b[32m\"middle\"\u001b[39m\n                      \u001b[33mx\u001b[39m=\u001b[32m\"50%\"\u001b[39m\n                      \u001b[33my\u001b[39m=\u001b[32m\"50%\"\u001b[39m\n                    \u001b[36m>\u001b[39m\n                      \u001b[0m占位 支付宝\u001b[0m\n                    \u001b[36m</text>\u001b[39m\n                  \u001b[36m</svg>\u001b[39m\n                \u001b[36m</span>\u001b[39m\n                \u001b[0m支付宝\u001b[0m\n              \u001b[36m</div>\u001b[39m\n              \u001b[36m<div\u001b[39m\n                \u001b[33mclass\u001b[39m=\u001b[32m\"_aliRight_542eaa\"\u001b[39m\n              \u001b[36m>\u001b[39m\n                \u001b[0m更多付款方式 \u001b[0m\n                \u001b[36m<span\u001b[39m\n                  \u001b[33maria-hidden\u001b[39m=\u001b[32m\"true\"\u001b[39m\n                  \u001b[33mclass\u001b[39m=\u001b[32m\"_arrow_542eaa\"\u001b[39m\n                \u001b[36m/>\u001b[39m\n              \u001b[36m</div>\u001b[39m\n            \u001b[36m</div>\u001b[39m\n            \u001b[36m<div\u001b[39m\n              \u001b[33mclass\u001b[39m=\u001b[32m\"_footerBadges_542eaa\"\u001b[39m\n            \u001b[36m>\u001b[39m\n              \u001b[36m<div\u001b[39m\n                \u001b[33mclass\u001b[39m=\u001b[32m\"_
[...]
A8%8B%E4%B8%8E%E9%A1%B9%E7%9B%AE%E7%AE%A1%E7%90%86/My_Evoflow/frontend/node_modules/@vitest/runner/dist/index.js:1262:5)\n    at startTests (file:///D:/%E5%90%84%E7%A7%8D%E4%BB%BB%E5%8A%A1/%E8%BD%AF%E4%BB%B6%E5%B7%A5%E7%A8%8B%E4%B8%8E%E9%A1%B9%E7%9B%AE%E7%AE%A1%E7%90%86/My_Evoflow/frontend/node_modules/@vitest/runner/dist/index.js:1271:3)\n    at file:///D:/%E5%90%84%E7%A7%8D%E4%BB%BB%E5%8A%A1/%E8%BD%AF%E4%BB%B6%E5%B7%A5%E7%A8%8B%E4%B8%8E%E9%A1%B9%E7%9B%AE%E7%AE%A1%E7%90%86/My_Evoflow/frontend/node_modules/vitest/dist/chunks/runBaseTests.3qpJUEJM.js:126:11\n    at withEnv (file:///D:/%E5%90%84%E7%A7%8D%E4%BB%BB%E5%8A%A1/%E8%BD%AF%E4%BB%B6%E5%B7%A5%E7%A8%8B%E4%B8%8E%E9%A1%B9%E7%9B%AE%E7%AE%A1%E7%90%86/My_Evoflow/frontend/node_modules/vitest/dist/chunks/runBaseTests.3qpJUEJM.js:90:5)\n    at run (file:///D:/%E5%90%84%E7%A7%8D%E4%BB%BB%E5%8A%A1/%E8%BD%AF%E4%BB%B6%E5%B7%A5%E7%A8%8B%E4%B8%8E%E9%A1%B9%E7%9B%AE%E7%AE%A1%E7%90%86/My_Evoflow/frontend/node_modules/vitest/dist/chunks/runBaseTests.3qpJUEJM.js:112:3)"],"meta":{}},{"ancestorTitles":["settings_requirement - 1.1 常用信息索引页"],"fullName":"settings_requirement - 1.1 常用信息索引页 系统异常（索引资源加载失败）","status":"passed","title":"系统异常（索引资源加载失败）","duration":31.42410000000018,"failureMessages":[],"meta":{}}],"startTime":1768668667965,"endTime":1768668668204.424,"status":"failed","message":"","name":"D:/各种任务/软件工程与项目管理/My_Evoflow/frontend/test/pages/PersonalCenterCommonInfoIndex.test.jsx"},{"assertionResults":[{"ancestorTitles":["settings_requirement - 1.2 常用旅客信息列表页"],"fullName":"settings_requirement - 1.2 常用旅客信息列表页 列表正常展示与搜索","status":"passed","title":"列表正常展示与搜索","duration":170.16470000000027,"failureMessages":[],"meta":{}},{"ancestorTitles":["settings_requirement - 1.2 常用旅客信息列表页"],"fullName":"settings_requirement - 1.2 常用旅客信息列表页 输入异常（非法搜索字符）","status":"passed","title":"输入异常（非法搜索字符）","duration":179.66870000000017,"failureMessages":[],"meta":{}},{"ancestorTitles":["settings_requirement - 1.2 常用旅客信息列表页"],"fullName":"settings_requirement - 1.2 常用旅客信息列表页 状态异常（本人条目不可删除）","status":"passed","title":"状态异常（本人条目不可删除）","duration":112.94390000000021,"failureMessages":[],"meta":{}},{"ancestorTitles":["settings_requirement - 1.2 常用旅客信息列表页"],"fullName":"settings_requirement - 1.2 常用旅客信息列表页 系统异常（列表加载失败）","status":"passed","title":"系统异常（列表加载失败）","duration":38.493099999999686,"failureMessages":[],"meta":{}},{"ancestorTitles":["settings_requirement - 1.7 左侧导航一致性"],"fullName":"settings_requirement - 1.7 左侧导航一致性 导航高亮一致","status":"passed","title":"导航高亮一致","duration":20.34780000000046,"failureMessages":[],"meta":{}}],"startTime":1768668667611,"endTime":1768668668132.348,"status":"passed","message":"","name":"D:/各种任务/软件工程与项目管理/My_Evoflow/frontend/test/pages/PersonalCenterCommonTravellers.test.jsx"},{"assertionResults":[{"ancestorTitles":["settings_requirement - 4.2 订单详情页"],"fullName":"settings_requirement - 4.2 订单详情页 成功查看可取消订单的详情","status":"passed","title":"成功查看可取消订单的详情","duration":121.86840000000029,"failureMessages":[],"meta":{}},{"ancestorTitles":["settings_requirement - 4.2 订单详情页"],"fullName":"settings_requirement - 4.2 订单详情页 支付成功详情展示（正常流程）","status":"passed","title":"支付成功详情展示（正常流程）","duration":59.86369999999988,"failureMessages":[],"meta":{}},{"ancestorTitles":["settings_requirement - 4.2 订单详情页"],"fullName":"settings_requirement - 4.2 订单详情页 已取消详情展示与重新下单入口（状态异常）","status":"passed","title":"已取消详情展示与重新下单入口（状态异常）","duration":49.048399999999674,"failureMessages":[],"meta":{}},{"ancestorTitles":["settings_requirement - 4.2 订单详情页"],"fullName":"settings_requirement - 4.2 订单详情页 价格明细计算校验失败（系统异常）","status":"passed","title":"价格明细计算校验失败（系统异常）","duration":33.855500000000575,"failureMessages":[],"meta":{}},{"ancestorTitles":["settings_requirement - 4.2 订单详情页"],"fullName":"settings_requirement - 4.2 订单详情页 用户试图访问一个不属于自己的订单 (状态异常/权限异常)","status":"passed","title":"用户试图访问一个不属于自己的订单 (状态异常/权限异常)","duration":26.096400000000358,"failureMessages":[],"meta":{}},{"ancestorTitles":["settings_requirement - 4.2 订单详情页"],"fullName":"settings_requirement - 4.2 订单详情页 查看一个已过期的或不可操作的订单 (状态异常)","status":"passed","title":"查看一个已过期的或不可操作的订单 (状态异常)","duration":28.722999999999956,"failureMessages":[],"meta":{}},{"ancestorTitles":["settings_requirement - 4.2 订单详情页"],"fullName":"settings_requirement - 4.2 订单详情页 加载详情时API请求失败 (系统异常)","status":"passed","title":"加载详情时API请求失败 (系统异常)","duration":33.67000000000007,"failureMessages":[],"meta":{}},{"ancestorTitles":["settings_requirement - 4.3 取消订单流程"],"fullName":"settings_requirement - 4.3 取消订单流程 用户成功取消订单","status":"passed","title":"用户成功取消订单","duration":102.65209999999934,"failureMessages":[],"meta":{}},{"ancestorTitles":["settings_requirement - 4.3 取消订单流程"],"fullName":"settings_requirement - 4.3 取消订单流程 用户点击“取消”放弃操作（输入异常）","status":"passed","title":"用户点击“取消”放弃操作（输入异常）","duration":72.45610000000033,"failureMessages":[],"meta":{}},{"ancestorTitles":["settings_requirement - 4.3 取消订单流程"],"fullName":"settings_requirement - 4.3 取消订单流程 订单因状态限制不可被取消 (状态异常)","status":"passed","title":"订单因状态限制不可被取消 (状态异常)","duration":80.96850000000086,"failureMessages":[],"meta":{}},{"ancestorTitles":["settings_requirement - 4.3 取消订单流程"],"fullName":"settings_requirement - 4.3 取消订单流程 取消过程中系统出现未知错误 (系统异常)","status":"passed","title":"取消过程中系统出现未知错误 (系统异常)","duration":59.26429999999982,"failureMessages":[],"meta":{}},{"ancestorTitles":["settings_requirement - 4.6 重新下单"],"fullName":"settings_requirement - 4.6 重新下单 成功跳转并预填搜索（正常流程）","status":"passed","title":"成功跳转并预填搜索（正常流程）","duration":89.84829999999965,"failureMessages":[],"meta":{}},{"ancestorTitles":["settings_requirement - 4.6 重新下单"],"fullName":"settings_requirement - 4.6 重新下单 跳转失败或服务不可用（系统异常）","status":"passed","title":"跳转失败或服务不可用（系统异常）","duration":50.197400000000016,"failureMessages":[],"meta":{}}],"startTime":1768668666580,"endTime":1768668667389.1975,"status":"passed","message":"","name":"D:/各种任务/软件工程与项目管理/My_Evoflow/frontend/test/pages/PersonalCenterOrderDetail.test.jsx"},{"assertionResults":[{"ancestorTitles":["settings_requirement - 4.1 订单管理列表页"],"fullName":"settings_requirement - 4.1 订单管理列表页 成功加载并显示全部订单列表","status":"passed","title":"成功加载并显示全部订单列表","duration":132.3804,"failureMessages":[],"meta":{}},{"ancestorTitles":["settings_requirement - 4.1 订单管理列表页"],"fullName":"settings_requirement - 4.1 订单管理列表页 用户切换订单分类标签","status":"passed","title":"用户切换订单分类标签","duration":81.40959999999995,"failureMessages":[],"meta":{}},{"ancestorTitles":["settings_requirement - 4.1 订单管理列表页"],"fullName":"settings_requirement - 4.1 订单管理列表页 查看“待点评”订单","status":"passed","title":"查看“待点评”订单","duration":94.04979999999978,"failureMessages":[],"meta":{}},{"ancestorTitles":["settings_requirement - 4.1 订单管理列表页"],"fullName":"settings_requirement - 4.1 订单管理列表页 用户按订单类型筛选（正常流程）","status":"passed","title":"用户按订单类型筛选（正常流程）","duration":87.84709999999995,"failureMessages":[],"meta":{}},{"ancestorTitles":["settings_requirement - 4.1 订单管理列表页"],"fullName":"settings_requirement - 4.1 订单管理列表页 切换到“待支付”标签并操作支付","status":"passed","title":"切换到“待支付”标签并操作支付","duration":129.72170000000006,"failureMessages":[],"meta":{}},{"ancestorTitles":["settings_requirement - 4.1 订单管理列表页"],"fullName":"settings_requirement - 4.1 订单管理列表页 用户没有登录 (状态异常)","status":"passed","title":"用户没有登录 (状态异常)","duration":19.40990000000056,"failureMessages":[],"meta":{}},{"ancestorTitles":["settings_requirement - 4.1 订单管理列表页"],"fullName":"settings_requirement - 4.1 订单管理列表页 用户没有任何订单 (状态异常)","status":"passed","title":"用户没有任何订单 (状态异常)","duration":19.14980000000014,"failureMessages":[],"meta":{}},{"ancestorTitles":["settings_requirement - 4.1 订单管理列表页"],"fullName":"settings_requirement - 4.1 订单管理列表页 API请求失败或网络中断 (系统异常)","status":"passed","title":"API请求失败或网络中断 (系统异常)","duration":58.05670000000009,"failureMessages":[],"meta":{}},{"ancestorTitles":["settings_requirement - 4.1 订单管理列表页"],"fullName":"settings_requirement - 4.1 订单管理列表页 用户尝试访问一个不存在的分页 (输入异常)","status":"passed","title":"用户尝试访问一个不存在的分页 (输入异常)","duration":18.56380000000081,"failureMessages":[],"meta":{}},{"ancestorTitles":["settings_requirement - 4.4 订单下载"],"fullName":"settings_requirement - 4.4 订单下载 成功生成并下载订单TXT（正常流程）","status":"passed","title":"成功生成并下载订单TXT（正常流程）","duration":34.13050000000021,"failureMessages":[],"meta":{}},{"ancestorTitles":["settings_requirement - 4.4 订单下载"],"fullName":"settings_requirement - 4.4 订单下载 订单状态不支持下载（状态异常）","status":"passed","title":"订单状态不支持下载（状态异常）","duration":66.96880000000056,"failureMessages":[],"meta":{}},{"ancestorTitles":["settings_requirement - 4.4 订单下载"],"fullName":"settings_requirement - 4.4 订单下载 文件生成失败（系统异常）","status":"passed","title":"文件生成失败（系统异常）","duration":49.270300000000134,"failureMessages":[],"meta":{}},{"ancestorTitles":["settings_requirement - 4.5 去支付"],"fullName":"settings_requirement - 4.5 去支付 待支付订单进入支付页（正常流程）","status":"passed","title":"待支付订单进入支付页（正常流程）","duration":54.885699999999815,"failureMessages":[],"meta":{}}],"startTime":1768668666810,"endTime":1768668667656.8857,"status":"passed","message":"","name":"D:/各种任务/软件工程与项目管理/My_Evoflow/frontend/test/pages/PersonalCenterOrders.test.jsx"},{"assertionResults":[{"ancestorTitles":["settings_requirement - 3.3 我的信息页"],"fullName":"settings_requirement - 3.3 我的信息页 查看个人信息（正常流程）","status":"passed","title":"查看个人信息（正常流程）","duration":109.53150000000005,"failureMessages":[],"meta":{}},{"ancestorTitles":["settings_requirement - 3.3 我的信息页"],"fullName":"settings_requirement - 3.3 我的信息页 进入编辑并保存成功（正常流程）","status":"passed","title":"进入编辑并保存成功（正常流程）","duration":466.28889999999956,"failureMessages":[],"meta":{}},{"ancestorTitles":["settings_requirement - 3.3 我的信息页"],"fullName":"settings_requirement - 3.3 我的信息页 输入异常：昵称为空或超长","status":"passed","title":"输入异常：昵称为空或超长","duration":418.7332999999999,"failureMessages":[],"meta":{}},{"ancestorTitles":["settings_requirement - 3.3 我的信息页"],"fullName":"settings_requirement - 3.3 我的信息页 输入异常：生日格式错误","status":"passed","title":"输入异常：生日格式错误","duration":383.7550000000001,"failureMessages":[],"meta":{}},{"ancestorTitles":["settings_requirement - 3.3 我的信息页"],"fullName":"settings_requirement - 3.3 我的信息页 状态异常：昵称审核中不可再次编辑","status":"passed","title":"状态异常：昵称审核中不可再次编辑","duration":88.89149999999972,"failureMessages":[],"meta":{}},{"ancestorTitles":["settings_requirement - 3.3 我的信息页"],"fullName":"settings_requirement - 3.3 我的信息页 状态异常：未登录访问","status":"passed","title":"状态异常：未登录访问","duration":20.424699999999575,"failureMessages":[],"meta":{}},{"ancestorTitles":["settings_requirement - 3.3 我的信息页"],"fullName":"settings_requirement - 3.3 我的信息页 系统异常：保存失败","status":"passed","title":"系统异常：保存失败","duration":215.1223,"failureMessages":[],"meta":{}},{"ancestorTitles":["settings_requirement - 3.3 我的信息页"],"fullName":"settings_requirement - 3.3 我的信息页 头像编辑入口点击（正常流程）","status":"passed","title":"头像编辑入口点击（正常流程）","duration":69.84830000000056,"failureMessages":[],"meta":{}},{"ancestorTitles":["settings_requirement - 3.5 我的信息编辑页"],"fullName":"settings_requirement - 3.5 我的信息编辑页 编辑并保存成功（正常流程）","status":"passed","title":"编辑并保存成功（正常流程）","duration":359.4931999999999,"failureMessages":[],"meta":{}},{"ancestorTitles":["settings_requirement - 3.5 我的信息编辑页"],"fullName":"settings_requirement - 3.5 我的信息编辑页 输入异常：昵称为空或超长","status":"passed","title":"输入异常：昵称为空或超长","duration":390.436099999999,"failureMessages":[],"meta":{}},{"ancestorTitles":["settings_requirement - 3.5 我的信息编辑页"],"fullName":"settings_requirement - 3.5 我的信息编辑页 输入异常：姓名为空或包含非法字符","status":"passed","title":"输入异常：姓名为空或包含非法字符","duration":204.01630000000114,"failureMessages":[],"meta":{}},{"ancestorTitles":["settings_requirement - 3.5 我的信息编辑页"],"fullName":"settings_requirement - 3.5 我的信息编辑页 输入异常：生日格式错误或为未来日期","status":"passed","title":"输入异常：生日格式错误或为未来日期","duration":566.3044000000009,"failureMessages":[],"meta":{}},{"ancestorTitles":["settings_requirement - 3.5 我的信息编辑页"],"fullName":"settings_requirement - 3.5 我的信息编辑页 状态异常：昵称审核中不可再次修改","status":"passed","title":"状态异常：昵称审核中不可再次修改","duration":16.14060000000063,"failureMessages":[],"meta":{}},{"ancestorTitles":["settings_requirement - 3.5 我的信息编辑页"],"fullName":"settings_requirement - 3.5 我的信息编辑页 状态异常：未登录访问编辑态","status":"passed","title":"状态异常：未登录访问编辑态","duration":13.945400000000518,"failureMessages":[],"meta":{}},{"ancestorTitles":["settings_requirement - 3.5 我的信息编辑页"],"fullName":"settings_requirement - 3.5 我的信息编辑页 系统异常：保存接口失败","status":"passed","title":"系统异常：保存接口失败","duration":187.46129999999903,"failureMessages":[],"meta":{}},{"ancestorTitles":["settings_requirement - 3.5 我的信息编辑页"],"fullName":"settings_requirement - 3.5 我的信息编辑页 系统异常：并发覆盖（乐观锁冲突）","status":"passed","title":"系统异常：并发覆盖（乐观锁冲突）","duration":184.44350000000122,"failureMessages":[],"meta":{}},{"ancestorTitles":["settings_requirement - 3.5 我的信息编辑页"],"fullName":"settings_requirement - 3.5 我的信息编辑页 交互：点击“收起”返回只读态","status":"passed","title":"交互：点击“收起”返回只读态","duration":42.264499999999316,"failureMessages":[],"meta":{}}],"startTime":1768668666579,"endTime":1768668670317.2644,"status":"passed","message":"","name":"D:/各种任务/软件工程与项目管理/My_Evoflow/frontend/test/pages/PersonalCenterProfile.test.jsx"},{"assertionResults":[{"ancestorTitles":["settings_requirement - 1.3 常用旅客信息查看页（只读）"],"fullName":"settings_requirement - 1.3 常用旅客信息查看页（只读） 只读展示成功","status":"passed","title":"只读展示成功","duration":116.5002999999997,"failureMessages":[],"meta":{}},{"ancestorTitles":["settings_requirement - 1.3 常用旅客信息查看页（只读）"],"fullName":"settings_requirement - 1.3 常用旅客信息查看页（只读） 输入异常（无效旅客ID）","status":"passed","title":"输入异常（无效旅客ID）","duration":21.858799999999974,"failureMessages":[],"meta":{}},{"ancestorTitles":["settings_requirement - 1.3 常用旅客信息查看页（只读）"],"fullName":"settings_requirement - 1.3 常用旅客信息查看页（只读） 状态异常（记录被删除）","status":"passed","title":"状态异常（记录被删除）","duration":71.33140000000003,"failureMessages":[],"meta":{}},{"ancestorTitles":["settings_requirement - 1.3 常用旅客信息查看页（只读）"],"fullName":"settings_requirement - 1.3 常用旅客信息查看页（只读） 系统异常（查看数据加载失败）","status":"passed","title":"系统异常（查看数据加载失败）","duration":112.13060000000041,"failureMessages":[],"meta":{}},{"ancestorTitles":["settings_requirement - 1.4 常用旅客信息编辑页"],"fullName":"settings_requirement - 1.4 常用旅客信息编辑页 编辑并保存成功","status":"passed","title":"编辑并保存成功","duration":300.0559999999996,"failureMessages":[],"meta":{}},{"ancestorTitles":["settings_requirement - 1.4 常用旅客信息编辑页"],"fullName":"settings_requirement - 1.4 常用旅客信息编辑页 输入异常（日期格式错误）","status":"passed","title":"输入异常（日期格式错误）","duration":229.42270000000008,"failureMessages":[],"meta":{}},{"ancestorTitles":["settings_requirement - 1.4 常用旅客信息编辑页"],"fullName":"settings_requirement - 1.4 常用旅客信息编辑页 状态异常（证件号重复）","status":"passed","title":"状态异常（证件号重复）","duration":320.8045999999995,"failureMessages":[],"meta":{}},{"ancestorTitles":["settings_requirement - 1.4 常用旅客信息编辑页"],"fullName":"settings_requirement - 1.4 常用旅客信息编辑页 系统异常（保存失败）","status":"passed","title":"系统异常（保存失败）","duration":156.84619999999995,"failureMessages":[],"meta":{}},{"ancestorTitles":["settings_requirement - 1.5 常用旅客信息新增页"],"fullName":"settings_requirement - 1.5 常用旅客信息新增页 新增成功","status":"passed","title":"新增成功","duration":107.55749999999989,"failureMessages":[],"meta":{}},{"ancestorTitles":["settings_requirement - 1.5 常用旅客信息新增页"],"fullName":"settings_requirement - 1.5 常用旅客信息新增页 输入异常（必填项缺失）","status":"passed","title":"输入异常（必填项缺失）","duration":29.69419999999991,"failureMessages":[],"meta":{}},{"ancestorTitles":["settings_requirement - 1.5 常用旅客信息新增页"],"fullName":"settings_requirement - 1.5 常用旅客信息新增页 状态异常（本人已存在）","status":"passed","title":"状态异常（本人已存在）","duration":99.60289999999986,"failureMessages":[],"meta":{}},{"ancestorTitles":["settings_requirement - 1.5 常用旅客信息新增页"],"fullName":"settings_requirement - 1.5 常用旅客信息新增页 系统异常（新增失败）","status":"passed","title":"系统异常（新增失败）","duration":131.85850000000028,"failureMessages":[],"meta":{}},{"ancestorTitles":["settings_requirement - 1.6 列表底部批量操作（全选/删除）"],"fullName":"settings_requirement - 1.6 列表底部批量操作（全选/删除） 批量删除正常流程","status":"passed","title":"批量删除正常流程","duration":120.96010000000024,"failureMessages":[],"meta":{}},{"ancestorTitles":["settings_requirement - 1.6 列表底部批量操作（全选/删除）"],"fullName":"settings_requirement - 1.6 列表底部批量操作（全选/删除） 输入异常（未选择记录）","status":"passed","title":"输入异常（未选择记录）","duration":52.54060000000027,"failureMessages":[],"meta":{}},{"ancestorTitles":["settings_requirement - 1.6 列表底部批量操作（全选/删除）"],"fullName":"settings_requirement - 1.6 列表底部批量操作（全选/删除） 状态异常（包含不可删除条目）","status":"passed","title":"状态异常（包含不可删除条目）","duration":142.55879999999888,"failureMessages":[],"meta":{}},{"ancestorTitles":["settings_requirement - 1.6 列表底部批量操作（全选/删除）"],"fullName":"settings_requirement - 1.6 列表底部批量操作（全选/删除） 系统异常（删除接口失败）","status":"passed","title":"系统异常（删除接口失败）","duration":147.33840000000055,"failureMessages":[],"meta":{}}],"startTime":1768668666716,"endTime":1768668668878.3384,"status":"passed","message":"","name":"D:/各种任务/软件工程与项目管理/My_Evoflow/frontend/test/pages/PersonalCenterTravellerForm.test.jsx"},{"assertionResults":[{"ancestorTitles":["Register Step1 Scenarios"],"fullName":"Register Step1 Scenarios 1.3.2 注册页跳转至登录页：点击“已有账号？直接登录”后 URL Hash 变为 #login","status":"passed","title":"1.3.2 注册页跳转至登录页：点击“已有账号？直接登录”后 URL Hash 变为 #login","duration":145.3023000000003,"failureMessages":[],"meta":{}},{"ancestorTitles":["Register Step1 Scenarios"],"fullName":"Register Step1 Scenarios 2.1.4 输入不合法手机号点击发送验证码：提示“手机号格式不正确，请重新输入”","status":"passed","title":"2.1.4 输入不合法手机号点击发送验证码：提示“手机号格式不正确，请重新输入”","duration":123.03240000000005,"failureMessages":[],"meta":{}},{"ancestorTitles":["Register Step1 Scenarios"],"fullName":"Register Step1 Scenarios 2.1.5 输入合法手机号点击发送验证码：应调用发送验证码接口并进入60秒倒计时禁用状态","status":"passed","title":"2.1.5 输入合法手机号点击发送验证码：应调用发送验证码接口并进入60秒倒计时禁用状态","duration":74.03610000000026,"failureMessages":[],"meta":{}},{"ancestorTitles":["Register Step1 Scenarios"],"fullName":"Register Step1 Scenarios 2.1.5 60秒内重复获取验证码：按钮无响应且倒计时继续","status":"passed","title":"2.1.5 60秒内重复获取验证码：按钮无响应且倒计时继续","duration":87.98250000000007,"failureMessages":[],"meta":{}},{"ancestorTitles":["Register Step1 Scenarios"],"fullName":"Register Step1 Scenarios 2.1.6 输入错误验证码点击下一步：在验证码输入框下方提示“验证码错误”","status":"passed","title":"2.1.6 输入错误验证码点击下一步：在验证码输入框下方提示“验证码错误”","duration":322.7043999999996,"failureMessages":[],"meta":{}},{"ancestorTitles":["Register Step1 Scenarios"],"fullName":"Register Step1 Scenarios 2.1.14 使用已注册手机号点击下一步：提示“该手机号已注册，请直接登录”且停留在步骤1","status":"passed","title":"2.1.14 使用已注册手机号点击下一步：提示“该手机号已注册，请直接登录”且停留在步骤1","duration":235.29789999999957,"failureMessages":[],"meta":{}}],"startTime":1768668667529,"endTime":1768668668518.2979,"status":"passed","message":"","name":"D:/各种任务/软件工程与项目管理/My_Evoflow/frontend/test/pages/RegisterStep1.test.jsx"},{"assertionResults":[{"ancestorTitles":["Register Step2 Scenarios"],"fullName":"Register Step2 Scenarios 2.1.7 输入不合法密码：提示“密码需为8-20位字母、数字和符号的组合”且完成按钮不可点","status":"passed","title":"2.1.7 输入不合法密码：提示“密码需为8-20位字母、数字和符号的组合”且完成按钮不可点","duration":212.54699999999957,"failureMessages":[],"meta":{}},{"ancestorTitles":["Register Step2 Scenarios"],"fullName":"Register Step2 Scenarios 2.1.9 两次输入密码不一致：提示“两次输入密码不一致”且完成按钮不可点","status":"passed","title":"2.1.9 两次输入密码不一致：提示“两次输入密码不一致”且完成按钮不可点","duration":334.91449999999986,"failureMessages":[],"meta":{}},{"ancestorTitles":["Register Step2 Scenarios"],"fullName":"Register Step2 Scenarios 2.1.10 点击密码可视化切换按钮：密码输入框显示状态在明文/密文间切换","status":"passed","title":"2.1.10 点击密码可视化切换按钮：密码输入框显示状态在明文/密文间切换","duration":26.820799999999508,"failureMessages":[],"meta":{}},{"ancestorTitles":["Register Step2 Scenarios"],"fullName":"Register Step2 Scenarios 2.1.13 两次输入相同合法密码并点击完成：应调用完成注册接口并跳转至登录页","status":"passed","title":"2.1.13 两次输入相同合法密码并点击完成：应调用完成注册接口并跳转至登录页","duration":374.27559999999903,"failureMessages":[],"meta":{}},{"ancestorTitles":["Register Step2 Scenarios"],"fullName":"Register Step2 Scenarios 2.1.15 注册完成时发生网络异常：显示“网络异常，请稍后重试”且解除禁用态允许重试","status":"passed","title":"2.1.15 注册完成时发生网络异常：显示“网络异常，请稍后重试”且解除禁用态允许重试","duration":371.39869999999974,"failureMessages":[],"meta":{}}],"startTime":1768668667950,"endTime":1768668669269.3987,"status":"passed","message":"","name":"D:/各种任务/软件工程与项目管理/My_Evoflow/frontend/test/pages/RegisterStep2.test.jsx"}]}